#
# A fatal error has been detected by the Java Runtime Environment:
#
#  EXCEPTION_ACCESS_VIOLATION (0xc0000005) at pc=0x00007ffdc2267223, pid=18900, tid=9728
#
# JRE version: OpenJDK Runtime Environment Temurin-25.0.2+10 (25.0.2+10) (build 25.0.2+10-LTS)
# Java VM: OpenJDK 64-Bit Server VM Temurin-25.0.2+10 (25.0.2+10-LTS, mixed mode, sharing, tiered, compressed oops, compressed class ptrs, parallel gc, windows-amd64)
# Problematic frame:
# V  [jvm.dll+0x387223]
#
# No core dump will be written. Minidumps are not enabled by default on client versions of Windows
#
# If you would like to submit a bug report, please visit:
#   https://github.com/adoptium/adoptium-support/issues
#

---------------  S U M M A R Y ------------

Command Line: -Djdk.xml.maxGeneralEntitySizeLimit=0 -Djdk.xml.totalEntitySizeLimit=0 --add-modules=ALL-SYSTEM --add-opens=java.base/java.util=ALL-UNNAMED --add-opens=java.base/java.lang=ALL-UNNAMED --add-opens=java.base/sun.nio.fs=ALL-UNNAMED -Declipse.application=org.eclipse.jdt.ls.core.id1 -Dosgi.bundles.defaultStartLevel=4 -Declipse.product=org.eclipse.jdt.ls.core.product -Djava.import.generatesMetadataFilesAtProjectRoot=false -DDetectVMInstallationsJob.disabled=true -Dfile.encoding=utf8 -XX:+UseParallelGC -XX:GCTimeRatio=4 -XX:AdaptiveSizePolicyWeight=90 -Dsun.zip.disableMemoryMapping=true -Xmx2G -Xms100m -Xlog:disable -javaagent:c:\Users\nlozanoc\.vscode\extensions\redhat.java-1.54.2026040108-win32-x64\lombok\lombok-1.18.39-4050.jar -XX:+HeapDumpOnOutOfMemoryError -XX:HeapDumpPath=c:\Users\nlozanoc\AppData\Roaming\Code\User\workspaceStorage\2f0d0390850186f80b0ad7f9a83d155f\redhat.java -Daether.dependencyCollector.impl=bf -XX:+UnlockDiagnosticVMOptions -XX:+AllowArchivingWithJavaAgent -XX:+AutoCreateSharedArchive -XX:SharedArchiveFile=c:\Users\nlozanoc\AppData\Roaming\Code\User\globalStorage\redhat.java\1.54.2026040108\jdtls.jsa c:\Users\nlozanoc\.vscode\extensions\redhat.java-1.54.2026040108-win32-x64\server\plugins\org.eclipse.equinox.launcher_1.7.100.v20251111-0406.jar -configuration c:\Users\nlozanoc\AppData\Roaming\Code\User\globalStorage\redhat.java\1.54.2026040108\config_win -data c:\Users\nlozanoc\AppData\Roaming\Code\User\workspaceStorage\2f0d0390850186f80b0ad7f9a83d155f\redhat.java\jdt_ws --pipe=\\.\pipe\lsp-6329748e70b6ebb0005468998e014ba1-sock

Host: Intel(R) Core(TM) Ultra 7 165U, 14 cores, 63G,  Windows 11 , 64 bit Build 26100 (10.0.26100.7920)
Time: Wed Apr  1 12:27:22 2026 Hora est. Pacífico, Sudamérica elapsed time: 12849.439595 seconds (0d 3h 34m 9s)

---------------  T H R E A D  ---------------

Current thread (0x0000020698165290):  VMThread "VM Thread"          [id=9728, stack(0x0000008dcb100000,0x0000008dcb200000) (1024K)]

Stack: [0x0000008dcb100000,0x0000008dcb200000],  sp=0x0000008dcb1ff5a0,  free space=1021k
Native frames: (J=compiled Java code, j=interpreted, Vv=VM code, C=native code)
V  [jvm.dll+0x387223]  (no source info available)
V  [jvm.dll+0x3870d2]  (no source info available)
V  [jvm.dll+0x385ff6]  (no source info available)
V  [jvm.dll+0x386433]  (no source info available)
V  [jvm.dll+0x9fe542]  (no source info available)
V  [jvm.dll+0x9ff861]  (no source info available)
V  [jvm.dll+0x9ffdd8]  (no source info available)
V  [jvm.dll+0xa00073]  (no source info available)
V  [jvm.dll+0x996b0d]  (no source info available)
V  [jvm.dll+0x7a71a5]  (no source info available)
C  [ucrtbase.dll+0x37b0]  (no source info available)
C  [KERNEL32.DLL+0x2e8d7]  (no source info available)
C  [ntdll.dll+0x8c48c]  (no source info available)


siginfo: EXCEPTION_ACCESS_VIOLATION (0xc0000005), reading address 0x0000000000000070


Registers:
RAX=0x0000000000000000, RBX=0x00000206d25adc48, RCX=0x0000008dcaefea70, RDX=0x0000000000000000
RSP=0x0000008dcb1ff5a0, RBP=0x0000008dcaefea70, RSI=0x0000000000000048, RDI=0x0000000000000000
R8 =0x0000020696434ec0, R9 =0x0000000000000438, R10=0x0000020696430000, R11=0x0000008dcb1ff5b0
R12=0x0000000000000000, R13=0x00007ffdc2a4a1b8, R14=0x0000000000001f82, R15=0x000000000000fc10
RIP=0x00007ffdc2267223, EFLAGS=0x0000000000010287

XMM[0]=0x0000000000000000 0x0000000000000000
XMM[1]=0x00000206d231c210 0x00000206d231c420
XMM[2]=0x00000206d1af8bc8 0x00000206d1de9430
XMM[3]=0x00000206d1af8c78 0x00000206d1af8cd0
XMM[4]=0x00000206d1c5ae50 0x00000206d1af8f90
XMM[5]=0x00000206d231c108 0x00000206d231c5d8
XMM[6]=0x0000000000000000 0x0000000000000000
XMM[7]=0x0000000000000000 0x404e000000000000
XMM[8]=0x0000000000000000 0x0000000000000000
XMM[9]=0x0000000000000000 0x0000000000000000
XMM[10]=0x0000000000000000 0x0000000000000000
XMM[11]=0x0000000000000000 0x0000000000000000
XMM[12]=0x0000000000000000 0x0000000000000000
XMM[13]=0x0000000000000000 0x0000000000000000
XMM[14]=0x0000000000000000 0x0000000000000000
XMM[15]=0x0000000000000000 0x0000000000000000
  MXCSR=0x00001fa0


Register to memory mapping:

RAX=0x0 is null
RBX=0x00000206d25adc48 points into unknown readable memory: 0x000000000a010080 | 80 00 01 0a 00 00 00 00
RCX=0x0000008dcaefea70 is pointing into the stack for thread: 0x00000206980ba5d0
RDX=0x0 is null
RSP=0x0000008dcb1ff5a0 points into unknown readable memory: 0x00000207129deb90 | 90 eb 9d 12 07 02 00 00
RBP=0x0000008dcaefea70 is pointing into the stack for thread: 0x00000206980ba5d0
RSI=0x0000000000000048 is an unknown value
RDI=0x0 is null
R8 =0x0000020696434ec0 points into unknown readable memory: 0x0000020696430e70 | 70 0e 43 96 06 02 00 00
R9 =0x0000000000000438 is an unknown value
R10=0x0000020696430000 points into unknown readable memory: 0x0000000000000000 | 00 00 00 00 00 00 00 00
R11=0x0000008dcb1ff5b0 points into unknown readable memory: 0x0000020696540000 | 00 00 54 96 06 02 00 00
R12=0x0 is null
R13=0x00007ffdc2a4a1b8 jvm.dll
R14=0x0000000000001f82 is an unknown value
R15=0x000000000000fc10 is an unknown value

Top of Stack: (sp=0x0000008dcb1ff5a0)
0x0000008dcb1ff5a0:   00000207129deb90 00007ffe602ce0fb   ..........,`....
0x0000008dcb1ff5b0:   0000020696540000 00007ffd00000000   ..T.............
0x0000008dcb1ff5c0:   00000207129deb90 0000000000000048   ........H.......
0x0000008dcb1ff5d0:   00000207129deb90 00007ffdc1fd6b02   .........k......
0x0000008dcb1ff5e0:   000000000000fc10 0000000000000000   ................
0x0000008dcb1ff5f0:   0000000000001f82 00000206981657f0   .........W......
0x0000008dcb1ff600:   0000008dcaefea70 00007ffdc22670d2   p........p&.....
0x0000008dcb1ff610:   00000206d25adc48 00000206d25adc48   H.Z.....H.Z.....
0x0000008dcb1ff620:   0000000000000000 000000000052ca39   ........9.R.....
0x0000008dcb1ff630:   00000206d25ad510 00000022000001d8   ..Z........."...
0x0000008dcb1ff640:   00007ffdc2a09bf0 0000000000000000   ................
0x0000008dcb1ff650:   0000000000000000 0000000000000000   ................
0x0000008dcb1ff660:   00000000000003d8 0000000000000000   ................
0x0000008dcb1ff670:   000000000b41ef70 0000008dcaefea70   p.A.....p.......
0x0000008dcb1ff680:   00000000000170c8 00000000000003d8   .p..............
0x0000008dcb1ff690:   0000000000002e19 00007ffdc2265ff6   ........._&.....
0x0000008dcb1ff6a0:   00007ffd00001f82 000000000000fc10   ................
0x0000008dcb1ff6b0:   00000206981657f0 00007ffdc2d15bc8   .W.......[......
0x0000008dcb1ff6c0:   0000000000000000 000000000000000b   ................
0x0000008dcb1ff6d0:   00000206967910f2 00007ffdc28ecc83   ..y.............
0x0000008dcb1ff6e0:   0000000000000000 0000020698165201   .........R......
0x0000008dcb1ff6f0:   00007ffdc2c8b360 0000020698150100   `...............
0x0000008dcb1ff700:   0000000000000000 00007ffdc268312f   ......../1h.....
0x0000008dcb1ff710:   0000000000000028 0000004000001000   (...........@...
0x0000008dcb1ff720:   00000000000003e8 0000020698165290   .........R......
0x0000008dcb1ff730:   0000020698165290 00007ffdc28ecb53   .R......S.......
0x0000008dcb1ff740:   000004dcef777888 000002069815fc50   .xw.....P.......
0x0000008dcb1ff750:   00007ffdc2d3ec30 00000000000003d8   0...............
0x0000008dcb1ff760:   00000206981643e0 00007ffdc2266433   .C......3d&.....
0x0000008dcb1ff770:   0000008dcaefea60 00000206981643e0   `........C......
0x0000008dcb1ff780:   000002069815f878 000002069815f860   x.......`.......
0x0000008dcb1ff790:   000002069815fc50 000002069815f878   P.......x.......

Instructions: (pc=0x00007ffdc2267223)
  0x00007ffdc2267123:   d2 e8 d7 98 3c 00 0f b6 83 30 01 00 00 3c 02 72
  0x00007ffdc2267133:   3a 8b 83 b8 00 00 00 48 8d 4c 24 20 33 d2 89 44
  0x00007ffdc2267143:   24 2c 48 89 5c 24 20 c7 44 24 28 d8 01 00 00 e8
  0x00007ffdc2267153:   a9 38 2e 00 48 8d 54 24 30 48 8b cb e8 ec a2 0d
  0x00007ffdc2267163:   00 48 8b c8 33 d2 e8 c2 34 2e 00 48 8b 03 48 8d
  0x00007ffdc2267173:   54 24 30 48 8b cb 4c 89 64 24 38 44 89 64 24 40
  0x00007ffdc2267183:   4c 89 64 24 48 4c 89 6c 24 30 ff 50 48 48 8d 4c
  0x00007ffdc2267193:   24 30 e8 36 a0 3b 00 48 8d 4c 24 30 e8 7c 9e 3b
  0x00007ffdc22671a3:   00 48 8b bc 24 a0 00 00 00 be 48 00 00 00 48 8b
  0x00007ffdc22671b3:   8d c0 02 00 00 41 ff c6 49 83 c7 08 44 89 b4 24
  0x00007ffdc22671c3:   90 00 00 00 4c 89 bc 24 98 00 00 00 44 3b 31 0f
  0x00007ffdc22671d3:   8c 98 fd ff ff 4c 8b 7c 24 50 4c 8b 6c 24 58 48
  0x00007ffdc22671e3:   8b 7c 24 60 48 8b 74 24 68 48 8b 9c 24 a8 00 00
  0x00007ffdc22671f3:   00 48 83 c4 70 41 5e 41 5c 5d c3 cc cc 40 55 57
  0x00007ffdc2267203:   48 83 ec 58 48 3b 15 12 03 a7 00 48 8b fa 48 8b
  0x00007ffdc2267213:   e9 73 0d 48 3b 15 fb 02 a7 00 0f 83 45 02 00 00
=>0x00007ffdc2267223:   48 8b 4a 70 48 85 c9 0f 84 38 02 00 00 ff 15 ea
  0x00007ffdc2267233:   9d a0 00 48 85 c0 0f 84 29 02 00 00 48 8b 07 48
  0x00007ffdc2267243:   8b cf 48 89 5c 24 70 48 89 74 24 78 4c 89 74 24
  0x00007ffdc2267253:   48 ff 90 f8 00 00 00 48 8b 05 97 20 a7 00 48 85
  0x00007ffdc2267263:   c0 0f 84 c2 00 00 00 65 48 8b 04 25 58 00 00 00
  0x00007ffdc2267273:   8b 0d 43 d6 ad 00 4c 89 a4 24 80 00 00 00 4c 89
  0x00007ffdc2267283:   6c 24 50 4c 89 7c 24 40 48 8b 1c c8 b8 48 00 00
  0x00007ffdc2267293:   00 80 3c 18 00 75 05 e8 b9 f9 6e 00 b8 20 00 00
  0x00007ffdc22672a3:   00 48 8b 04 18 48 8b b0 a8 03 00 00 48 8b 05 42
  0x00007ffdc22672b3:   20 a7 00 4c 8b 76 18 4c 8b 7e 20 4c 8b 66 28 4c
  0x00007ffdc22672c3:   8b 6e 08 48 85 c0 74 24 48 8b 5d 48 48 8b cf 48
  0x00007ffdc22672d3:   03 df e8 16 ec 2d 00 4c 8b c8 48 8d 0d 9c 2e 7e
  0x00007ffdc22672e3:   00 4c 8b c3 48 8b d7 e8 01 de d7 ff 49 83 3e 00
  0x00007ffdc22672f3:   74 13 49 8b d5 48 8b ce e8 a0 a1 d8 ff 49 8b ce
  0x00007ffdc2267303:   e8 78 a1 d8 ff 4c 8b 6c 24 50 4c 39 7e 20 74 0c
  0x00007ffdc2267313:   4c 89 76 18 4c 89 7e 20 4c 89 66 28 4c 8b a4 24


Stack slot to memory mapping:

stack at sp + 0 slots: 0x00000207129deb90 points into unknown readable memory: 0x00007ffe5cd235b0 | b0 35 d2 5c fe 7f 00 00
stack at sp + 1 slots: 0x00007ffe602ce0fb ucrtbase.dll
stack at sp + 2 slots: 0x0000020696540000 points into unknown readable memory: 0x0000000000000000 | 00 00 00 00 00 00 00 00
stack at sp + 3 slots: 0x00007ffd00000000 is an unknown value
stack at sp + 4 slots: 0x00000207129deb90 points into unknown readable memory: 0x00007ffe5cd235b0 | b0 35 d2 5c fe 7f 00 00
stack at sp + 5 slots: 0x0000000000000048 is an unknown value
stack at sp + 6 slots: 0x00000207129deb90 points into unknown readable memory: 0x00007ffe5cd235b0 | b0 35 d2 5c fe 7f 00 00
stack at sp + 7 slots: 0x00007ffdc1fd6b02 jvm.dll

VM_Operation (0x0000008dcaefea60): PopulateDumpSharedSpace, mode: safepoint, requested by thread 0x00000206980ba5d0


---------------  P R O C E S S  ---------------

Threads class SMR info:
_java_thread_list=0x00000206bc64dcd0, length=40, elements={
0x00000206980ba5d0, 0x00000206b27d47a0, 0x00000206b27d50b0, 0x00000206b27d9c90,
0x00000206b27dffe0, 0x00000206b27e3940, 0x00000206b27ee560, 0x00000206980cfde0,
0x00000206980cedc0, 0x00000206b8e31090, 0x00000206b8ec5600, 0x00000206b9c0a400,
0x00000206ba851670, 0x00000206ba852de0, 0x00000206ba852610, 0x00000206bbf66120,
0x00000206bbf697d0, 0x00000206bbf670c0, 0x00000206bbf69fa0, 0x00000206bbf68060,
0x00000206bbf6a770, 0x00000206bbf6b710, 0x00000206bbf6ce80, 0x00000206bc8aa660,
0x00000206bc8ab600, 0x00000206bc8abdd0, 0x00000206bc8a96c0, 0x00000206bc8a9e90,
0x00000206bc8af480, 0x00000206bc7ed340, 0x00000206be9728a0, 0x00000206be971130,
0x00000206be975f50, 0x00000206be976720, 0x00000206bbd376f0, 0x00000206bbd31930,
0x00000206bbd3ada0, 0x00000206be977e90, 0x00000206be979dd0, 0x00000206bb7788f0
}

Java Threads: ( => current thread )
  0x00000206980ba5d0 JavaThread "main"                              [_thread_blocked, id=10340, stack(0x0000008dcae00000,0x0000008dcaf00000) (1024K)]
  0x00000206b27d47a0 JavaThread "Reference Handler"          daemon [_thread_blocked, id=18592, stack(0x0000008dcb200000,0x0000008dcb300000) (1024K)]
  0x00000206b27d50b0 JavaThread "Finalizer"                  daemon [_thread_blocked, id=13884, stack(0x0000008dcb300000,0x0000008dcb400000) (1024K)]
  0x00000206b27d9c90 JavaThread "Signal Dispatcher"          daemon [_thread_blocked, id=7992, stack(0x0000008dcb400000,0x0000008dcb500000) (1024K)]
  0x00000206b27dffe0 JavaThread "Attach Listener"            daemon [_thread_blocked, id=23120, stack(0x0000008dcb500000,0x0000008dcb600000) (1024K)]
  0x00000206b27e3940 JavaThread "Service Thread"             daemon [_thread_blocked, id=27884, stack(0x0000008dcb600000,0x0000008dcb700000) (1024K)]
  0x00000206b27ee560 JavaThread "Monitor Deflation Thread"   daemon [_thread_blocked, id=25488, stack(0x0000008dcb700000,0x0000008dcb800000) (1024K)]
  0x00000206980cfde0 JavaThread "C2 CompilerThread0"         daemon [_thread_blocked, id=24408, stack(0x0000008dcb800000,0x0000008dcb900000) (1024K)]
  0x00000206980cedc0 JavaThread "C1 CompilerThread0"         daemon [_thread_blocked, id=20376, stack(0x0000008dcb900000,0x0000008dcba00000) (1024K)]
  0x00000206b8e31090 JavaThread "Common-Cleaner"             daemon [_thread_blocked, id=22576, stack(0x0000008dcbb00000,0x0000008dcbc00000) (1024K)]
  0x00000206b8ec5600 JavaThread "Notification Thread"        daemon [_thread_blocked, id=5176, stack(0x0000008dcbc00000,0x0000008dcbd00000) (1024K)]
  0x00000206b9c0a400 JavaThread "JNA Cleaner"                daemon [_thread_blocked, id=28496, stack(0x0000008dcdb00000,0x0000008dcdc00000) (1024K)]
  0x00000206ba851670 JavaThread "InnocuousThread-1"          daemon [_thread_in_native, id=3680, stack(0x0000008dce500000,0x0000008dce600000) (1024K)]
  0x00000206ba852de0 JavaThread "InnocuousThread-2"          daemon [_thread_in_native, id=2696, stack(0x0000008dce600000,0x0000008dce700000) (1024K)]
  0x00000206ba852610 JavaThread "InnocuousThread-3"          daemon [_thread_in_native, id=26292, stack(0x0000008dce700000,0x0000008dce800000) (1024K)]
  0x00000206bbf66120 JavaThread "InnocuousThread-4"          daemon [_thread_in_native, id=18688, stack(0x0000008dce800000,0x0000008dce900000) (1024K)]
  0x00000206bbf697d0 JavaThread "InnocuousThread-5"          daemon [_thread_in_native, id=16788, stack(0x0000008dce900000,0x0000008dcea00000) (1024K)]
  0x00000206bbf670c0 JavaThread "InnocuousThread-6"          daemon [_thread_in_native, id=13460, stack(0x0000008dcea00000,0x0000008dceb00000) (1024K)]
  0x00000206bbf69fa0 JavaThread "InnocuousThread-7"          daemon [_thread_in_native, id=14324, stack(0x0000008dceb00000,0x0000008dcec00000) (1024K)]
  0x00000206bbf68060 JavaThread "InnocuousThread-8"          daemon [_thread_in_native, id=17448, stack(0x0000008dcec00000,0x0000008dced00000) (1024K)]
  0x00000206bbf6a770 JavaThread "InnocuousThread-9"          daemon [_thread_in_native, id=23516, stack(0x0000008dced00000,0x0000008dcee00000) (1024K)]
  0x00000206bbf6b710 JavaThread "InnocuousThread-10"         daemon [_thread_in_native, id=29832, stack(0x0000008dcee00000,0x0000008dcef00000) (1024K)]
  0x00000206bbf6ce80 JavaThread "InnocuousThread-11"         daemon [_thread_in_native, id=15380, stack(0x0000008dcef00000,0x0000008dcf000000) (1024K)]
  0x00000206bc8aa660 JavaThread "InnocuousThread-12"         daemon [_thread_in_native, id=13472, stack(0x0000008dcf000000,0x0000008dcf100000) (1024K)]
  0x00000206bc8ab600 JavaThread "InnocuousThread-13"         daemon [_thread_in_native, id=10512, stack(0x0000008dcf100000,0x0000008dcf200000) (1024K)]
  0x00000206bc8abdd0 JavaThread "InnocuousThread-14"         daemon [_thread_in_native, id=3948, stack(0x0000008dcf200000,0x0000008dcf300000) (1024K)]
  0x00000206bc8a96c0 JavaThread "InnocuousThread-15"         daemon [_thread_in_native, id=5768, stack(0x0000008dcf300000,0x0000008dcf400000) (1024K)]
  0x00000206bc8a9e90 JavaThread "pool-2-thread-1"                   [_thread_blocked, id=28764, stack(0x0000008dcf400000,0x0000008dcf500000) (1024K)]
  0x00000206bc8af480 JavaThread "WorkspaceEventsHandler"            [_thread_blocked, id=31984, stack(0x0000008dcf600000,0x0000008dcf700000) (1024K)]
  0x00000206bc7ed340 JavaThread "pool-1-thread-1"                   [_thread_blocked, id=10960, stack(0x0000008dcf700000,0x0000008dcf800000) (1024K)]
  0x00000206be9728a0 JavaThread "Cleaner-0"                  daemon [_thread_blocked, id=5388, stack(0x0000008dd0600000,0x0000008dd0700000) (1024K)]
  0x00000206be971130 JavaThread "Java Debug Server"          daemon [_thread_in_native, id=31680, stack(0x0000008dcac00000,0x0000008dcad00000) (1024K)]
  0x00000206be975f50 JavaThread "RxSchedulerPurge-1"         daemon [_thread_blocked, id=29204, stack(0x0000008dcba00000,0x0000008dcbb00000) (1024K)]
  0x00000206be976720 JavaThread "RxCachedWorkerPoolEvictor-1" daemon [_thread_blocked, id=27828, stack(0x0000008dcc100000,0x0000008dcc200000) (1024K)]
  0x00000206bbd376f0 JavaThread "pool-4-thread-5"                   [_thread_blocked, id=9192, stack(0x0000008dcc600000,0x0000008dcc700000) (1024K)]
  0x00000206bbd31930 JavaThread "ForkJoinPool.commonPool-worker-44" daemon [_thread_blocked, id=26992, stack(0x0000008dcab00000,0x0000008dcac00000) (1024K)]
  0x00000206bbd3ada0 JavaThread "ForkJoinPool.commonPool-worker-45" daemon [_thread_blocked, id=25792, stack(0x0000008dcad00000,0x0000008dcae00000) (1024K)]
  0x00000206be977e90 JavaThread "ForkJoinPool.commonPool-worker-46" daemon [_thread_blocked, id=19620, stack(0x0000008dcc400000,0x0000008dcc500000) (1024K)]
  0x00000206be979dd0 JavaThread "pool-7-thread-1"                   [_thread_blocked, id=14808, stack(0x0000008dcc300000,0x0000008dcc400000) (1024K)]
  0x00000206bb7788f0 JavaThread "C2 CompilerThread1"         daemon [_thread_blocked, id=24496, stack(0x0000008dcc500000,0x0000008dcc600000) (1024K)]
Total: 40

Other Threads:
=>0x0000020698165290 VMThread "VM Thread"                           [id=9728, stack(0x0000008dcb100000,0x0000008dcb200000) (1024K)]
  0x00000206b27cca00 WatcherThread "VM Periodic Task Thread"        [id=29268, stack(0x0000008dcb000000,0x0000008dcb100000) (1024K)]
  0x00000206980d9ff0 WorkerThread "GC Thread#0"                     [id=31716, stack(0x0000008dcaf00000,0x0000008dcb000000) (1024K)]
  0x00000206b94835d0 WorkerThread "GC Thread#1"                     [id=22000, stack(0x0000008dcbe00000,0x0000008dcbf00000) (1024K)]
  0x00000206b9482040 WorkerThread "GC Thread#2"                     [id=30192, stack(0x0000008dcbf00000,0x0000008dcc000000) (1024K)]
  0x00000206b9481bf0 WorkerThread "GC Thread#3"                     [id=28576, stack(0x0000008dcc000000,0x0000008dcc100000) (1024K)]
  0x00000206b98fcf40 WorkerThread "GC Thread#4"                     [id=26052, stack(0x0000008dcc700000,0x0000008dcc800000) (1024K)]
  0x00000206b98fe920 WorkerThread "GC Thread#5"                     [id=1584, stack(0x0000008dcd500000,0x0000008dcd600000) (1024K)]
  0x00000206b9900ba0 WorkerThread "GC Thread#6"                     [id=25736, stack(0x0000008dcd700000,0x0000008dcd800000) (1024K)]
  0x00000206b9900ff0 WorkerThread "GC Thread#7"                     [id=7232, stack(0x0000008dcd800000,0x0000008dcd900000) (1024K)]
  0x00000206b9901440 WorkerThread "GC Thread#8"                     [id=26488, stack(0x0000008dcbd00000,0x0000008dcbe00000) (1024K)]
  0x00000206b9902580 WorkerThread "GC Thread#9"                     [id=31068, stack(0x0000008dcda00000,0x0000008dcdb00000) (1024K)]
  0x00000206b9ba5d00 WorkerThread "GC Thread#10"                    [id=12184, stack(0x0000008dcde00000,0x0000008dcdf00000) (1024K)]
Total: 13

Threads with active compile tasks:
C2 CompilerThread0  12849623 20333       4       jdk.internal.classfile.impl.SplitConstantPool::fieldRefEntry (72 bytes)
C2 CompilerThread1  12849623 20334       4       java.lang.classfile.constantpool.ConstantPoolBuilder::nameAndTypeEntry (21 bytes)
Total: 2

VM state: at safepoint (normal execution)

VM Mutex/Monitor currently owned by a thread:  ([mutex/lock_event])
[0x00007ffdc2d15bc8] DumpTimeTable_lock - owner thread: 0x0000020698165290
[0x00007ffdc2d163c8] Threads_lock - owner thread: 0x0000020698165290
[0x00007ffdc2d16548] Heap_lock - owner thread: 0x00000206980ba5d0

Heap address: 0x0000000080000000, size: 2048 MB, Compressed Oops mode: 32-bit

CDS archive(s) mapped at: [0x000000000a000000-0x000000000add0000-0x000000000add0000), size 14483456, SharedBaseAddress: 0x000000000a000000, ArchiveRelocationMode: 1.
Compressed class space mapped at: 0x000000000b000000-0x000000004b000000, reserved size: 1073741824
UseCompressedClassPointers 1, UseCompactObjectHeaders 0
Narrow klass pointer bits 32, Max shift 3
Narrow klass base: 0x000000000a000000, Narrow klass shift: 0
Encoding Range: [0x000000000a000000 - 0x000000010a000000), (4294967296 bytes)
Klass Range:    [0x000000000a010000 - 0x000000004b000000), (1090453504 bytes)
Klass ID Range:  [65536 - 1090519033) (1090453497)
Protection zone: [0x000000000a000000 - 0x000000000a010000), (65536 bytes)

GC Precious Log:
 CardTable entry size: 512
 CPUs: 14 total, 14 available
 Memory: 64980M
 Large Page Support: Disabled
 NUMA Support: Disabled
 Compressed Oops: Enabled (32-bit)
 Alignments: Space 512K, Generation 512K, Heap 2M
 Heap Min Capacity: 100M
 Heap Initial Capacity: 100M
 Heap Max Capacity: 2G
 Pre-touch: Disabled
 Parallel Workers: 11

Heap:
 PSYoungGen      total 32256K, used 3937K [0x00000000d5580000, 0x00000000d7880000, 0x0000000100000000)
  eden space 31232K, 9% used [0x00000000d5580000,0x00000000d5883870,0x00000000d7400000)
  from space 1024K, 83% used [0x00000000d7580000,0x00000000d7654c10,0x00000000d7680000)
  to   space 1536K, 0% used [0x00000000d7700000,0x00000000d7700000,0x00000000d7880000)
 ParOldGen       total 400384K, used 90626K [0x0000000080000000, 0x0000000098700000, 0x00000000d5580000)
  object space 400384K, 22% used [0x0000000080000000,0x00000000858808d0,0x0000000098700000)

Card table byte_map: [0x00000206b0040000,0x00000206b0440000] _byte_map_base: 0x00000206afc40000

Marking Bits: (ParMarkBitMap*) 0x00007ffdc2d1b8e0
 Begin Bits: [0x00000206b06f0000, 0x00000206b26f0000)

Polling page: 0x00000206967c0000

Metaspace:
Metaspace        used 92963K, committed 94848K, reserved 1179648K
 class space     used 10269K, committed 11072K, reserved 1048576K

Usage:
  Non-class:     80.76 MB used.
      Class:     10.03 MB used.
       Both:     90.78 MB used.

Virtual space:
  Non-class space:      128.00 MB reserved,      81.81 MB ( 64%) committed,  2 nodes.
      Class space:        1.00 GB reserved,      10.81 MB (  1%) committed,  1 nodes.
             Both:        1.12 GB reserved,      92.62 MB (  8%) committed. 

Chunk freelists:
   Non-Class:  13.61 MB
       Class:  5.15 MB
        Both:  18.76 MB

MaxMetaspaceSize: unlimited
CompressedClassSpaceSize: 1.00 GB
Initial GC threshold: 21.00 MB
Current GC threshold: 151.56 MB
CDS: on
 - commit_granule_bytes: 65536.
 - commit_granule_words: 8192.
 - virtual_space_node_default_size: 8388608.
 - enlarge_chunks_in_place: 1.
UseCompressedClassPointers 1, UseCompactObjectHeaders 0
Narrow klass pointer bits 32, Max shift 3
Narrow klass base: 0x000000000a000000, Narrow klass shift: 0
Encoding Range: [0x000000000a000000 - 0x000000010a000000), (4294967296 bytes)
Klass Range:    [0x000000000a010000 - 0x000000004b000000), (1090453504 bytes)
Klass ID Range:  [65536 - 1090519033) (1090453497)
Protection zone: [0x000000000a000000 - 0x000000000a010000), (65536 bytes)


Internal statistics:

num_allocs_failed_limit: 11.
num_arena_births: 2036.
num_arena_deaths: 298.
num_vsnodes_births: 3.
num_vsnodes_deaths: 0.
num_space_committed: 1481.
num_space_uncommitted: 0.
num_chunks_returned_to_freelist: 351.
num_chunks_taken_from_freelist: 6464.
num_chunk_merges: 108.
num_chunk_splits: 3905.
num_chunks_enlarged: 2225.
num_inconsistent_stats: 0.

CodeHeap 'non-profiled nmethods': size=120064Kb used=11280Kb max_used=11418Kb free=108783Kb
 bounds [0x00000206a8920000, 0x00000206a9460000, 0x00000206afe60000]
CodeHeap 'profiled nmethods': size=120000Kb used=33066Kb max_used=34768Kb free=86933Kb
 bounds [0x00000206a0e60000, 0x00000206a3060000, 0x00000206a8390000]
CodeHeap 'non-nmethods': size=5696Kb used=1668Kb max_used=1709Kb free=4027Kb
 bounds [0x00000206a8390000, 0x00000206a8600000, 0x00000206a8920000]
CodeCache: size=245760Kb, used=46014Kb, max_used=47895Kb, free=199743Kb
 total_blobs=18907, nmethods=17951, adapters=858, full_count=0
Compilation: enabled, stopped_count=0, restarted_count=0

Compilation events (20 events):
Event: 12846.934 Thread 0x00000206980cedc0 20313       3       java.lang.invoke.MethodHandles::zero (28 bytes)
Event: 12846.934 Thread 0x00000206980cedc0 nmethod 20313 0x00000206a1279c88 code [0x00000206a1279d80, 0x00000206a127a160]
Event: 12846.935 Thread 0x00000206980cedc0 20331       3       java.lang.invoke.LambdaFormBuffer::indexOf (25 bytes)
Event: 12846.935 Thread 0x00000206980cedc0 nmethod 20331 0x00000206a179ea08 code [0x00000206a179eb00, 0x00000206a179ecf0]
Event: 12846.935 Thread 0x00000206980cfde0 20332       4       java.lang.invoke.MethodType::parameterSlotCount (8 bytes)
Event: 12846.936 Thread 0x00000206980cfde0 nmethod 20332 0x00000206a8a33e88 code [0x00000206a8a33f80, 0x00000206a8a34010]
Event: 12846.936 Thread 0x00000206980cfde0 20333       4       jdk.internal.classfile.impl.SplitConstantPool::fieldRefEntry (72 bytes)
Event: 12846.936 Thread 0x00000206bb7788f0 20334       4       java.lang.classfile.constantpool.ConstantPoolBuilder::nameAndTypeEntry (21 bytes)
Event: 12846.940 Thread 0x00000206980cedc0 20339       3       java.lang.invoke.LambdaForm$NamedFunction::<init> (95 bytes)
Event: 12846.940 Thread 0x00000206980cedc0 nmethod 20339 0x00000206a10e5308 code [0x00000206a10e5400, 0x00000206a10e59a0]
Event: 12846.945 Thread 0x00000206980cedc0 20341       3       java.lang.invoke.ClassSpecializer$Factory$1$1Var::isInHeap (13 bytes)
Event: 12846.945 Thread 0x00000206980cedc0 nmethod 20341 0x00000206a17a8a88 code [0x00000206a17a8b80, 0x00000206a17a8cd8]
Event: 12846.945 Thread 0x00000206980cedc0 20342       3       java.lang.invoke.ClassSpecializer$Factory$1$1Var::nextIndex (18 bytes)
Event: 12846.945 Thread 0x00000206980cedc0 nmethod 20342 0x00000206a12cc588 code [0x00000206a12cc680, 0x00000206a12cca18]
Event: 12846.945 Thread 0x00000206980cedc0 20343       3       java.lang.invoke.ClassSpecializer$Factory$1$1Var::<init> (137 bytes)
Event: 12846.947 Thread 0x00000206980cedc0 nmethod 20343 0x00000206a122c408 code [0x00000206a122c500, 0x00000206a122e048]
Event: 12846.947 Thread 0x00000206980cedc0 20344       3       java.lang.invoke.ClassSpecializer$Factory$1$1Var::emitLoadInstruction (19 bytes)
Event: 12846.947 Thread 0x00000206980cedc0 nmethod 20344 0x00000206a17abe08 code [0x00000206a17abf00, 0x00000206a17ac0b0]
Event: 12846.947 Thread 0x00000206980cedc0 20345       3       jdk.internal.classfile.impl.DirectCodeBuilder::getfield (22 bytes)
Event: 12846.947 Thread 0x00000206980cedc0 nmethod 20345 0x00000206a12db108 code [0x00000206a12db200, 0x00000206a12db6d0]

GC Heap Usage History (20 events):
Event: 8992.938 {heap Before GC invocations=160 (full 3):
 PSYoungGen      total 33792K, used 33460K [0x00000000d5580000, 0x00000000d8100000, 0x0000000100000000)
  eden space 32256K, 100% used [0x00000000d5580000,0x00000000d7500000,0x00000000d7500000)
  from space 1536K, 78% used [0x00000000d7f80000,0x00000000d80ad280,0x00000000d8100000)
  to   space 1536K, 0% used [0x00000000d7e00000,0x00000000d7e00000,0x00000000d7f80000)
 ParOldGen       total 400384K, used 342428K [0x0000000080000000, 0x0000000098700000, 0x00000000d558Event: 8992.943 {heap After GC invocations=160 (full 3):
 PSYoungGen      total 33280K, used 1514K [0x00000000d5580000, 0x00000000d8280000, 0x0000000100000000)
  eden space 31744K, 0% used [0x00000000d5580000,0x00000000d5580000,0x00000000d7480000)
  from space 1536K, 98% used [0x00000000d7e00000,0x00000000d7f7aaa0,0x00000000d7f80000)
  to   space 3072K, 0% used [0x00000000d7f80000,0x00000000d7f80000,0x00000000d8280000)
 ParOldGen       total 400384K, used 346897K [0x0000000080000000, 0x0000000098700000, 0x00000000d5580000Event: 8993.139 {heap Before GC invocations=161 (full 3):
 PSYoungGen      total 33280K, used 22756K [0x00000000d5580000, 0x00000000d8280000, 0x0000000100000000)
  eden space 31744K, 66% used [0x00000000d5580000,0x00000000d6a3e8c0,0x00000000d7480000)
  from space 1536K, 98% used [0x00000000d7e00000,0x00000000d7f7aaa0,0x00000000d7f80000)
  to   space 3072K, 0% used [0x00000000d7f80000,0x00000000d7f80000,0x00000000d8280000)
 ParOldGen       total 400384K, used 346897K [0x0000000080000000, 0x0000000098700000, 0x00000000d5580Event: 8993.144 {heap After GC invocations=161 (full 3):
 PSYoungGen      total 28672K, used 3060K [0x00000000d5580000, 0x00000000d9600000, 0x0000000100000000)
  eden space 25600K, 0% used [0x00000000d5580000,0x00000000d5580000,0x00000000d6e80000)
  from space 3072K, 99% used [0x00000000d7f80000,0x00000000d827d020,0x00000000d8280000)
  to   space 17408K, 0% used [0x00000000d6e80000,0x00000000d6e80000,0x00000000d7f80000)
 ParOldGen       total 400384K, used 359049K [0x0000000080000000, 0x0000000098700000, 0x00000000d558000Event: 8993.202 {heap Before GC invocations=162 (full 3):
 PSYoungGen      total 28672K, used 28660K [0x00000000d5580000, 0x00000000d9600000, 0x0000000100000000)
  eden space 25600K, 100% used [0x00000000d5580000,0x00000000d6e80000,0x00000000d6e80000)
  from space 3072K, 99% used [0x00000000d7f80000,0x00000000d827d020,0x00000000d8280000)
  to   space 17408K, 0% used [0x00000000d6e80000,0x00000000d6e80000,0x00000000d7f80000)
 ParOldGen       total 400384K, used 359049K [0x0000000080000000, 0x0000000098700000, 0x00000000d55Event: 8993.206 {heap After GC invocations=162 (full 3):
 PSYoungGen      total 27136K, used 1835K [0x00000000d5580000, 0x00000000d8000000, 0x0000000100000000)
  eden space 25088K, 0% used [0x00000000d5580000,0x00000000d5580000,0x00000000d6e00000)
  from space 2048K, 89% used [0x00000000d6e80000,0x00000000d704afa0,0x00000000d7080000)
  to   space 7168K, 0% used [0x00000000d7900000,0x00000000d7900000,0x00000000d8000000)
 ParOldGen       total 400384K, used 362069K [0x0000000080000000, 0x0000000098700000, 0x00000000d5580000Event: 9636.349 {heap Before GC invocations=163 (full 3):
 PSYoungGen      total 27136K, used 26923K [0x00000000d5580000, 0x00000000d8000000, 0x0000000100000000)
  eden space 25088K, 100% used [0x00000000d5580000,0x00000000d6e00000,0x00000000d6e00000)
  from space 2048K, 89% used [0x00000000d6e80000,0x00000000d704afa0,0x00000000d7080000)
  to   space 7168K, 0% used [0x00000000d7900000,0x00000000d7900000,0x00000000d8000000)
 ParOldGen       total 400384K, used 362069K [0x0000000080000000, 0x0000000098700000, 0x00000000d558Event: 9636.356 {heap After GC invocations=163 (full 3):
 PSYoungGen      total 31232K, used 6208K [0x00000000d5580000, 0x00000000d7f80000, 0x0000000100000000)
  eden space 24576K, 0% used [0x00000000d5580000,0x00000000d5580000,0x00000000d6d80000)
  from space 6656K, 93% used [0x00000000d7900000,0x00000000d7f10050,0x00000000d7f80000)
  to   space 7168K, 0% used [0x00000000d7180000,0x00000000d7180000,0x00000000d7880000)
 ParOldGen       total 400384K, used 363729K [0x0000000080000000, 0x0000000098700000, 0x00000000d5580000Event: 10792.010 {heap Before GC invocations=164 (full 3):
 PSYoungGen      total 31232K, used 30784K [0x00000000d5580000, 0x00000000d7f80000, 0x0000000100000000)
  eden space 24576K, 100% used [0x00000000d5580000,0x00000000d6d80000,0x00000000d6d80000)
  from space 6656K, 93% used [0x00000000d7900000,0x00000000d7f10050,0x00000000d7f80000)
  to   space 7168K, 0% used [0x00000000d7180000,0x00000000d7180000,0x00000000d7880000)
 ParOldGen       total 400384K, used 363729K [0x0000000080000000, 0x0000000098700000, 0x00000000d558Event: 10792.026 {heap After GC invocations=164 (full 3):
 PSYoungGen      total 29184K, used 465K [0x00000000d5580000, 0x00000000d7980000, 0x0000000100000000)
  eden space 28672K, 0% used [0x00000000d5580000,0x00000000d5580000,0x00000000d7180000)
  from space 512K, 91% used [0x00000000d7180000,0x00000000d71f47e0,0x00000000d7200000)
  to   space 3072K, 0% used [0x00000000d7680000,0x00000000d7680000,0x00000000d7980000)
 ParOldGen       total 400384K, used 369633K [0x0000000080000000, 0x0000000098700000, 0x00000000d5580000)
Event: 12815.172 {heap Before GC invocations=165 (full 3):
 PSYoungGen      total 29184K, used 29137K [0x00000000d5580000, 0x00000000d7980000, 0x0000000100000000)
  eden space 28672K, 100% used [0x00000000d5580000,0x00000000d7180000,0x00000000d7180000)
  from space 512K, 91% used [0x00000000d7180000,0x00000000d71f47e0,0x00000000d7200000)
  to   space 3072K, 0% used [0x00000000d7680000,0x00000000d7680000,0x00000000d7980000)
 ParOldGen       total 400384K, used 369633K [0x0000000080000000, 0x0000000098700000, 0x00000000d5580Event: 12815.174 {heap After GC invocations=165 (full 3):
 PSYoungGen      total 33792K, used 760K [0x00000000d5580000, 0x00000000d7780000, 0x0000000100000000)
  eden space 32768K, 0% used [0x00000000d5580000,0x00000000d5580000,0x00000000d7580000)
  from space 1024K, 74% used [0x00000000d7680000,0x00000000d773e1f8,0x00000000d7780000)
  to   space 1024K, 0% used [0x00000000d7580000,0x00000000d7580000,0x00000000d7680000)
 ParOldGen       total 400384K, used 369804K [0x0000000080000000, 0x0000000098700000, 0x00000000d5580000)Event: 12815.319 {heap Before GC invocations=166 (full 4):
 PSYoungGen      total 33792K, used 12803K [0x00000000d5580000, 0x00000000d7780000, 0x0000000100000000)
  eden space 32768K, 36% used [0x00000000d5580000,0x00000000d6142aa0,0x00000000d7580000)
  from space 1024K, 74% used [0x00000000d7680000,0x00000000d773e1f8,0x00000000d7780000)
  to   space 1024K, 0% used [0x00000000d7580000,0x00000000d7580000,0x00000000d7680000)
 ParOldGen       total 400384K, used 369804K [0x0000000080000000, 0x0000000098700000, 0x00000000d5580Event: 12815.413 {heap After GC invocations=166 (full 4):
 PSYoungGen      total 33792K, used 0K [0x00000000d5580000, 0x00000000d7780000, 0x0000000100000000)
  eden space 32768K, 0% used [0x00000000d5580000,0x00000000d5580000,0x00000000d7580000)
  from space 1024K, 0% used [0x00000000d7680000,0x00000000d7680000,0x00000000d7780000)
  to   space 1024K, 0% used [0x00000000d7580000,0x00000000d7580000,0x00000000d7680000)
 ParOldGen       total 400384K, used 86939K [0x0000000080000000, 0x0000000098700000, 0x00000000d5580000)
  oEvent: 12815.809 {heap Before GC invocations=167 (full 4):
 PSYoungGen      total 33792K, used 32768K [0x00000000d5580000, 0x00000000d7780000, 0x0000000100000000)
  eden space 32768K, 100% used [0x00000000d5580000,0x00000000d7580000,0x00000000d7580000)
  from space 1024K, 0% used [0x00000000d7680000,0x00000000d7680000,0x00000000d7780000)
  to   space 1024K, 0% used [0x00000000d7580000,0x00000000d7580000,0x00000000d7680000)
 ParOldGen       total 400384K, used 86939K [0x0000000080000000, 0x0000000098700000, 0x00000000d55800Event: 12815.812 {heap After GC invocations=167 (full 4):
 PSYoungGen      total 33280K, used 1003K [0x00000000d5580000, 0x00000000d7b00000, 0x0000000100000000)
  eden space 32256K, 0% used [0x00000000d5580000,0x00000000d5580000,0x00000000d7500000)
  from space 1024K, 97% used [0x00000000d7580000,0x00000000d767ad30,0x00000000d7680000)
  to   space 3072K, 0% used [0x00000000d7800000,0x00000000d7800000,0x00000000d7b00000)
 ParOldGen       total 400384K, used 88448K [0x0000000080000000, 0x0000000098700000, 0x00000000d5580000)Event: 12846.884 {heap Before GC invocations=168 (full 4):
 PSYoungGen      total 33280K, used 33259K [0x00000000d5580000, 0x00000000d7b00000, 0x0000000100000000)
  eden space 32256K, 100% used [0x00000000d5580000,0x00000000d7500000,0x00000000d7500000)
  from space 1024K, 97% used [0x00000000d7580000,0x00000000d767ad30,0x00000000d7680000)
  to   space 3072K, 0% used [0x00000000d7800000,0x00000000d7800000,0x00000000d7b00000)
 ParOldGen       total 400384K, used 88448K [0x0000000080000000, 0x0000000098700000, 0x00000000d5580Event: 12846.886 {heap After GC invocations=168 (full 4):
 PSYoungGen      total 33280K, used 1264K [0x00000000d5580000, 0x00000000d7980000, 0x0000000100000000)
  eden space 31744K, 0% used [0x00000000d5580000,0x00000000d5580000,0x00000000d7480000)
  from space 1536K, 82% used [0x00000000d7800000,0x00000000d793c010,0x00000000d7980000)
  to   space 2048K, 0% used [0x00000000d7580000,0x00000000d7580000,0x00000000d7780000)
 ParOldGen       total 400384K, used 89474K [0x0000000080000000, 0x0000000098700000, 0x00000000d5580000)Event: 12846.941 {heap Before GC invocations=169 (full 4):
 PSYoungGen      total 33280K, used 33004K [0x00000000d5580000, 0x00000000d7980000, 0x0000000100000000)
  eden space 31744K, 99% used [0x00000000d5580000,0x00000000d747f230,0x00000000d7480000)
  from space 1536K, 82% used [0x00000000d7800000,0x00000000d793c010,0x00000000d7980000)
  to   space 2048K, 0% used [0x00000000d7580000,0x00000000d7580000,0x00000000d7780000)
 ParOldGen       total 400384K, used 89474K [0x0000000080000000, 0x0000000098700000, 0x00000000d55800Event: 12846.943 {heap After GC invocations=169 (full 4):
 PSYoungGen      total 32256K, used 851K [0x00000000d5580000, 0x00000000d7880000, 0x0000000100000000)
  eden space 31232K, 0% used [0x00000000d5580000,0x00000000d5580000,0x00000000d7400000)
  from space 1024K, 83% used [0x00000000d7580000,0x00000000d7654c10,0x00000000d7680000)
  to   space 1536K, 0% used [0x00000000d7700000,0x00000000d7700000,0x00000000d7880000)
 ParOldGen       total 400384K, used 90626K [0x0000000080000000, 0x0000000098700000, 0x00000000d5580000)

Metaspace Usage History (20 events):
Event: 8992.938 {metaspace Before GC invocations=160 (full 3):
 Metaspace       used 89788K, committed 91392K, reserved 1179648K
  class space    used 9793K, committed 10432K, reserved 1048576K
}
Event: 8992.943 {metaspace After GC invocations=160 (full 3):
 Metaspace       used 89788K, committed 91392K, reserved 1179648K
  class space    used 9793K, committed 10432K, reserved 1048576K
}
Event: 8993.139 {metaspace Before GC invocations=161 (full 3):
 Metaspace       used 89813K, committed 91456K, reserved 1179648K
  class space    used 9793K, committed 10432K, reserved 1048576K
}
Event: 8993.144 {metaspace After GC invocations=161 (full 3):
 Metaspace       used 89813K, committed 91456K, reserved 1179648K
  class space    used 9793K, committed 10432K, reserved 1048576K
}
Event: 8993.202 {metaspace Before GC invocations=162 (full 3):
 Metaspace       used 89821K, committed 91456K, reserved 1179648K
  class space    used 9793K, committed 10432K, reserved 1048576K
}
Event: 8993.206 {metaspace After GC invocations=162 (full 3):
 Metaspace       used 89821K, committed 91456K, reserved 1179648K
  class space    used 9793K, committed 10432K, reserved 1048576K
}
Event: 9636.349 {metaspace Before GC invocations=163 (full 3):
 Metaspace       used 90826K, committed 92416K, reserved 1179648K
  class space    used 9986K, committed 10624K, reserved 1048576K
}
Event: 9636.356 {metaspace After GC invocations=163 (full 3):
 Metaspace       used 90826K, committed 92416K, reserved 1179648K
  class space    used 9986K, committed 10624K, reserved 1048576K
}
Event: 10792.010 {metaspace Before GC invocations=164 (full 3):
 Metaspace       used 90923K, committed 92544K, reserved 1179648K
  class space    used 9993K, committed 10688K, reserved 1048576K
}
Event: 10792.026 {metaspace After GC invocations=164 (full 3):
 Metaspace       used 90923K, committed 92544K, reserved 1179648K
  class space    used 9993K, committed 10688K, reserved 1048576K
}
Event: 12815.172 {metaspace Before GC invocations=165 (full 3):
 Metaspace       used 91193K, committed 92864K, reserved 1179648K
  class space    used 10026K, committed 10752K, reserved 1048576K
}
Event: 12815.174 {metaspace After GC invocations=165 (full 3):
 Metaspace       used 91193K, committed 92864K, reserved 1179648K
  class space    used 10026K, committed 10752K, reserved 1048576K
}
Event: 12815.319 {metaspace Before GC invocations=166 (full 4):
 Metaspace       used 91430K, committed 93120K, reserved 1179648K
  class space    used 10047K, committed 10752K, reserved 1048576K
}
Event: 12815.413 {metaspace After GC invocations=166 (full 4):
 Metaspace       used 91163K, committed 93120K, reserved 1179648K
  class space    used 9974K, committed 10752K, reserved 1048576K
}
Event: 12815.809 {metaspace Before GC invocations=167 (full 4):
 Metaspace       used 91360K, committed 93184K, reserved 1179648K
  class space    used 9989K, committed 10752K, reserved 1048576K
}
Event: 12815.812 {metaspace After GC invocations=167 (full 4):
 Metaspace       used 91360K, committed 93184K, reserved 1179648K
  class space    used 9989K, committed 10752K, reserved 1048576K
}
Event: 12846.884 {metaspace Before GC invocations=168 (full 4):
 Metaspace       used 91988K, committed 93504K, reserved 1179648K
  class space    used 10057K, committed 10752K, reserved 1048576K
}
Event: 12846.886 {metaspace After GC invocations=168 (full 4):
 Metaspace       used 91988K, committed 93504K, reserved 1179648K
  class space    used 10057K, committed 10752K, reserved 1048576K
}
Event: 12846.941 {metaspace Before GC invocations=169 (full 4):
 Metaspace       used 92761K, committed 94656K, reserved 1179648K
  class space    used 10267K, committed 11072K, reserved 1048576K
}
Event: 12846.943 {metaspace After GC invocations=169 (full 4):
 Metaspace       used 92761K, committed 94656K, reserved 1179648K
  class space    used 10267K, committed 11072K, reserved 1048576K
}

Dll operation events (12 events):
Event: 0.035 Loaded shared library C:\Users\nlozanoc\.jdk\jdk-25\bin\java.dll
Event: 0.054 Loaded shared library C:\Users\nlozanoc\.jdk\jdk-25\bin\zip.dll
Event: 0.107 Loaded shared library C:\Users\nlozanoc\.jdk\jdk-25\bin\instrument.dll
Event: 0.111 Loaded shared library C:\Users\nlozanoc\.jdk\jdk-25\bin\net.dll
Event: 0.119 Loaded shared library C:\Users\nlozanoc\.jdk\jdk-25\bin\nio.dll
Event: 0.123 Loaded shared library C:\Users\nlozanoc\.jdk\jdk-25\bin\zip.dll
Event: 0.143 Loaded shared library C:\Users\nlozanoc\.jdk\jdk-25\bin\jimage.dll
Event: 0.218 Loaded shared library C:\Users\nlozanoc\.jdk\jdk-25\bin\verify.dll
Event: 1.423 Loaded shared library C:\Users\nlozanoc\AppData\Roaming\Code\User\globalStorage\redhat.java\1.54.2026040108\config_win\org.eclipse.equinox.launcher\org.eclipse.equinox.launcher.win32.win32.x86_64_1.3.0.v20260203-2149\eclipse_11919.dll
Event: 3.190 Loaded shared library C:\Users\nlozanoc\AppData\Local\Temp\jna--1204737430\jna16609231142630239338.dll
Event: 4.767 Loaded shared library C:\Users\nlozanoc\.jdk\jdk-25\bin\sunmscapi.dll
Event: 4.862 Loaded shared library C:\Users\nlozanoc\.jdk\jdk-25\bin\extnet.dll

Deoptimization events (20 events):
Event: 12846.887 Thread 0x00000206980ba5d0 Uncommon trap: trap_request=0xffffff45 fr.pc=0x00000206a93ee6e8 relative=0x0000000000000668
Event: 12846.887 Thread 0x00000206980ba5d0 Uncommon trap: reason=unstable_if action=reinterpret pc=0x00000206a93ee6e8 method=java.util.TreeMap.put(Ljava/lang/Object;Ljava/lang/Object;Z)Ljava/lang/Object; @ 158 c2
Event: 12846.887 Thread 0x00000206980ba5d0 DEOPT PACKING pc=0x00000206a93ee6e8 sp=0x0000008dcaefdf90
Event: 12846.887 Thread 0x00000206980ba5d0 DEOPT UNPACKING pc=0x00000206a84a8782 sp=0x0000008dcaefde28 mode 2
Event: 12846.887 Thread 0x00000206980ba5d0 Uncommon trap: trap_request=0xffffff45 fr.pc=0x00000206a9365e24 relative=0x0000000000000624
Event: 12846.887 Thread 0x00000206980ba5d0 Uncommon trap: reason=unstable_if action=reinterpret pc=0x00000206a9365e24 method=java.util.TreeMap.put(Ljava/lang/Object;Ljava/lang/Object;Z)Ljava/lang/Object; @ 158 c2
Event: 12846.887 Thread 0x00000206980ba5d0 DEOPT PACKING pc=0x00000206a9365e24 sp=0x0000008dcaefdf00
Event: 12846.887 Thread 0x00000206980ba5d0 DEOPT UNPACKING pc=0x00000206a84a8782 sp=0x0000008dcaefde18 mode 2
Event: 12846.906 Thread 0x00000206980ba5d0 Uncommon trap: trap_request=0xffffff45 fr.pc=0x00000206a8d472e8 relative=0x0000000000001048
Event: 12846.906 Thread 0x00000206980ba5d0 Uncommon trap: reason=unstable_if action=reinterpret pc=0x00000206a8d472e8 method=jdk.internal.classfile.impl.SplitConstantPool.findEntry(ILjdk/internal/classfile/impl/AbstractPoolEntry;Ljdk/internal/classfile/impl/AbstractPoolEntry;)Ljdk/internal/classfi
Event: 12846.907 Thread 0x00000206980ba5d0 DEOPT PACKING pc=0x00000206a8d472e8 sp=0x0000008dcaefd7a0
Event: 12846.907 Thread 0x00000206980ba5d0 DEOPT UNPACKING pc=0x00000206a84a8782 sp=0x0000008dcaefd678 mode 2
Event: 12846.907 Thread 0x00000206980ba5d0 Uncommon trap: trap_request=0xffffff45 fr.pc=0x00000206a89d1800 relative=0x00000000000007e0
Event: 12846.907 Thread 0x00000206980ba5d0 Uncommon trap: reason=unstable_if action=reinterpret pc=0x00000206a89d1800 method=jdk.internal.classfile.impl.EntryMap.put(II)V @ 89 c2
Event: 12846.907 Thread 0x00000206980ba5d0 DEOPT PACKING pc=0x00000206a89d1800 sp=0x0000008dcaefd690
Event: 12846.907 Thread 0x00000206980ba5d0 DEOPT UNPACKING pc=0x00000206a84a8782 sp=0x0000008dcaefd5b0 mode 2
Event: 12846.907 Thread 0x00000206980ba5d0 Uncommon trap: trap_request=0xffffff45 fr.pc=0x00000206a8b27614 relative=0x00000000000005f4
Event: 12846.907 Thread 0x00000206980ba5d0 Uncommon trap: reason=unstable_if action=reinterpret pc=0x00000206a8b27614 method=jdk.internal.classfile.impl.SplitConstantPool.findEntry(ILjdk/internal/classfile/impl/AbstractPoolEntry;Ljdk/internal/classfile/impl/AbstractPoolEntry;)Ljdk/internal/classfi
Event: 12846.907 Thread 0x00000206980ba5d0 DEOPT PACKING pc=0x00000206a8b27614 sp=0x0000008dcaefd690
Event: 12846.907 Thread 0x00000206980ba5d0 DEOPT UNPACKING pc=0x00000206a84a8782 sp=0x0000008dcaefd630 mode 2

Classes loaded (20 events):
Event: 9636.464 Loading class java/util/concurrent/CompletableFuture$AsyncRun
Event: 9636.465 Loading class java/util/concurrent/CompletableFuture$AsyncRun done
Event: 12846.010 Loading class java/util/concurrent/ConcurrentHashMap$EntrySpliterator
Event: 12846.010 Loading class java/util/concurrent/ConcurrentHashMap$EntrySpliterator done
Event: 12846.022 Loading class java/util/zip/Deflater
Event: 12846.023 Loading class java/util/zip/Deflater done
Event: 12846.025 Loading class java/util/zip/Deflater$DeflaterZStreamRef
Event: 12846.025 Loading class java/util/zip/Deflater$DeflaterZStreamRef done
Event: 12846.056 Loading class java/util/Collections$EmptyListIterator
Event: 12846.056 Loading class java/util/Collections$EmptyListIterator done
Event: 12846.747 Loading class javax/security/auth/login/Configuration
Event: 12846.747 Loading class javax/security/auth/login/Configuration done
Event: 12846.886 Loading class java/lang/invoke/GenerateJLIClassesHelper
Event: 12846.886 Loading class java/lang/invoke/GenerateJLIClassesHelper done
Event: 12846.886 Loading class java/lang/invoke/GenerateJLIClassesHelper$HolderClassBuilder
Event: 12846.886 Loading class java/lang/invoke/GenerateJLIClassesHelper$HolderClassBuilder done
Event: 12846.916 Loading class java/lang/invoke/BoundMethodHandle$Species_J
Event: 12846.916 Loading class java/lang/invoke/BoundMethodHandle$Species_J done
Event: 12846.934 Loading class java/lang/invoke/BoundMethodHandle$Species_F
Event: 12846.934 Loading class java/lang/invoke/BoundMethodHandle$Species_F done

Classes unloaded (20 events):
Event: 12815.337 Thread 0x0000020698165290 Unloading class 0x000000000b0acc00 'java/lang/invoke/LambdaForm$MH+0x000000000b0acc00'
Event: 12815.337 Thread 0x0000020698165290 Unloading class 0x000000000b054800 'java/lang/invoke/LambdaForm$MH+0x000000000b054800'
Event: 12815.337 Thread 0x0000020698165290 Unloading class 0x000000000b04d800 'java/lang/invoke/LambdaForm$MH+0x000000000b04d800'
Event: 12815.337 Thread 0x0000020698165290 Unloading class 0x000000000b04d400 'java/lang/invoke/LambdaForm$MH+0x000000000b04d400'
Event: 12815.337 Thread 0x0000020698165290 Unloading class 0x000000000b04d000 'java/lang/invoke/LambdaForm$MH+0x000000000b04d000'
Event: 12815.337 Thread 0x0000020698165290 Unloading class 0x000000000b04cc00 'java/lang/invoke/LambdaForm$MH+0x000000000b04cc00'
Event: 12815.337 Thread 0x0000020698165290 Unloading class 0x000000000b04c800 'java/lang/invoke/LambdaForm$BMH+0x000000000b04c800'
Event: 12815.337 Thread 0x0000020698165290 Unloading class 0x000000000b04c000 'java/lang/invoke/LambdaForm$DMH+0x000000000b04c000'
Event: 12815.337 Thread 0x0000020698165290 Unloading class 0x000000000b047c00 'java/lang/invoke/LambdaForm$MH+0x000000000b047c00'
Event: 12815.337 Thread 0x0000020698165290 Unloading class 0x000000000b047800 'java/lang/invoke/LambdaForm$MH+0x000000000b047800'
Event: 12815.337 Thread 0x0000020698165290 Unloading class 0x000000000b047400 'java/lang/invoke/LambdaForm$MH+0x000000000b047400'
Event: 12815.337 Thread 0x0000020698165290 Unloading class 0x000000000b046000 'java/lang/invoke/LambdaForm$MH+0x000000000b046000'
Event: 12815.337 Thread 0x0000020698165290 Unloading class 0x000000000b045c00 'java/lang/invoke/LambdaForm$MH+0x000000000b045c00'
Event: 12815.337 Thread 0x0000020698165290 Unloading class 0x000000000b045800 'java/lang/invoke/LambdaForm$MH+0x000000000b045800'
Event: 12815.337 Thread 0x0000020698165290 Unloading class 0x000000000b045400 'java/lang/invoke/LambdaForm$MH+0x000000000b045400'
Event: 12815.337 Thread 0x0000020698165290 Unloading class 0x000000000b045000 'java/lang/invoke/LambdaForm$BMH+0x000000000b045000'
Event: 12815.337 Thread 0x0000020698165290 Unloading class 0x000000000b044000 'java/lang/invoke/LambdaForm$DMH+0x000000000b044000'
Event: 12815.337 Thread 0x0000020698165290 Unloading class 0x000000000b041c00 'java/lang/invoke/LambdaForm$MH+0x000000000b041c00'
Event: 12815.337 Thread 0x0000020698165290 Unloading class 0x000000000b041800 'java/lang/invoke/LambdaForm$MH+0x000000000b041800'
Event: 12815.337 Thread 0x0000020698165290 Unloading class 0x000000000b041000 'java/lang/invoke/LambdaForm$MH+0x000000000b041000'

Classes redefined (0 events):
No events

Internal exceptions (20 events):
Event: 12846.939 Thread 0x00000206980ba5d0 Exception <a 'java/lang/NoSuchMethodError'{0x00000000d72d7180}: 'int java.lang.invoke.Invokers$Holder.invoke_MT(java.lang.Object, java.lang.Object)'> (0x00000000d72d7180) 
thrown [s\src\hotspot\share\interpreter\linkResolver.cpp, line 804]
Event: 12846.939 Thread 0x00000206980ba5d0 Exception <a 'java/lang/NoSuchMethodError'{0x00000000d72df5a0}: 'long java.lang.invoke.Invokers$Holder.invoke_MT(java.lang.Object, java.lang.Object)'> (0x00000000d72df5a0) 
thrown [s\src\hotspot\share\interpreter\linkResolver.cpp, line 804]
Event: 12846.940 Thread 0x00000206980ba5d0 Exception <a 'java/lang/NoSuchMethodError'{0x00000000d72ebb90}: 'java.lang.Object java.lang.invoke.Invokers$Holder.linkToCallSite(int, int, int, java.lang.Object)'> (0x00000000d72ebb90) 
thrown [s\src\hotspot\share\interpreter\linkResolver.cpp, line 804]
Event: 12846.940 Thread 0x00000206980ba5d0 Exception <a 'java/lang/NoSuchMethodError'{0x00000000d72f4680}: 'java.lang.Object java.lang.invoke.Invokers$Holder.linkToCallSite(int, long, java.lang.Object)'> (0x00000000d72f4680) 
thrown [s\src\hotspot\share\interpreter\linkResolver.cpp, line 804]
Event: 12846.940 Thread 0x00000206980ba5d0 Exception <a 'java/lang/NoSuchMethodError'{0x00000000d72fca78}: 'java.lang.Object java.lang.invoke.Invokers$Holder.linkToCallSite(int, java.lang.Object, java.lang.Object, java.lang.Object)'> (0x00000000d72fca78) 
thrown [s\src\hotspot\share\interpreter\linkResolver.cpp, line 804]
Event: 12846.940 Thread 0x00000206980ba5d0 Exception <a 'java/lang/NoSuchMethodError'{0x00000000d7304e08}: 'java.lang.Object java.lang.invoke.Invokers$Holder.linkToCallSite(int, java.lang.Object, java.lang.Object, java.lang.Object, java.lang.Object)'> (0x00000000d7304e08) 
thrown [s\src\hotspot\share\interpreter\linkResolver.cpp, line 804]
Event: 12846.940 Thread 0x00000206980ba5d0 Exception <a 'java/lang/NoSuchMethodError'{0x00000000d7311620}: 'java.lang.Object java.lang.invoke.Invokers$Holder.linkToCallSite(java.lang.Object, java.lang.Object, java.lang.Object, int, java.lang.Object, java.lang.Object, java.lang.Object)'> (0x00000000d7311620) 
thrown [s\src\hotspot\share\interpreter\linkResolver.cpp, line 804]
Event: 12846.940 Thread 0x00000206980ba5d0 Exception <a 'java/lang/NoSuchMethodError'{0x00000000d7319ba0}: 'java.lang.Object java.lang.invoke.Invokers$Holder.linkToCallSite(java.lang.Object, java.lang.Object, java.lang.Object, int, java.lang.Object, java.lang.Object)'> (0x00000000d7319ba0) 
thrown [s\src\hotspot\share\interpreter\linkResolver.cpp, line 804]
Event: 12846.941 Thread 0x00000206980ba5d0 Exception <a 'java/lang/NoSuchMethodError'{0x00000000d73266e8}: 'java.lang.Object java.lang.invoke.Invokers$Holder.linkToCallSite(java.lang.Object, java.lang.Object, java.lang.Object, java.lang.Object, java.lang.Object, java.lang.Object, java.lang.Object, java.lang.Object, java.lang.Object, int, java.lang.Object, java.lang.Object, java.lang.Object, java.lang.Object)'> (0x00000000d73266e8) 
thrown [s\src\hotspot\share\interpreter\linkResolver.cpp, line 804]
Event: 12846.941 Thread 0x00000206980ba5d0 Exception <a 'java/lang/NoSuchMethodError'{0x00000000d73320e8}: 'java.lang.Object java.lang.invoke.Invokers$Holder.linkToCallSite(java.lang.Object, int, int, java.lang.Object)'> (0x00000000d73320e8) 
thrown [s\src\hotspot\share\interpreter\linkResolver.cpp, line 804]
Event: 12846.941 Thread 0x00000206980ba5d0 Exception <a 'java/lang/NoSuchMethodError'{0x00000000d733a388}: 'java.lang.Object java.lang.invoke.Invokers$Holder.linkToCallSite(java.lang.Object, int, java.lang.Object, java.lang.Object, java.lang.Object)'> (0x00000000d733a388) 
thrown [s\src\hotspot\share\interpreter\linkResolver.cpp, line 804]
Event: 12846.941 Thread 0x00000206980ba5d0 Exception <a 'java/lang/NoSuchMethodError'{0x00000000d7342a78}: 'java.lang.Object java.lang.invoke.Invokers$Holder.linkToCallSite(java.lang.Object, int, java.lang.Object, java.lang.Object, java.lang.Object, java.lang.Object, java.lang.Object)'> (0x00000000d7342a78) 
thrown [s\src\hotspot\share\interpreter\linkResolver.cpp, line 804]
Event: 12846.941 Thread 0x00000206980ba5d0 Exception <a 'java/lang/NoSuchMethodError'{0x00000000d734afe8}: 'java.lang.Object java.lang.invoke.Invokers$Holder.linkToCallSite(java.lang.Object, int, java.lang.Object, int, java.lang.Object, java.lang.Object)'> (0x00000000d734afe8) 
thrown [s\src\hotspot\share\interpreter\linkResolver.cpp, line 804]
Event: 12846.941 Thread 0x00000206980ba5d0 Exception <a 'java/lang/NoSuchMethodError'{0x00000000d73535d0}: 'java.lang.Object java.lang.invoke.Invokers$Holder.linkToCallSite(java.lang.Object, int, java.lang.Object, java.lang.Object)'> (0x00000000d73535d0) 
thrown [s\src\hotspot\share\interpreter\linkResolver.cpp, line 804]
Event: 12846.941 Thread 0x00000206980ba5d0 Exception <a 'java/lang/NoSuchMethodError'{0x00000000d735c620}: 'java.lang.Object java.lang.invoke.Invokers$Holder.linkToCallSite(java.lang.Object, long, java.lang.Object, java.lang.Object)'> (0x00000000d735c620) 
thrown [s\src\hotspot\share\interpreter\linkResolver.cpp, line 804]
Event: 12846.941 Thread 0x00000206980ba5d0 Exception <a 'java/lang/NoSuchMethodError'{0x00000000d7364b38}: 'java.lang.Object java.lang.invoke.Invokers$Holder.linkToCallSite(java.lang.Object, long, java.lang.Object)'> (0x00000000d7364b38) 
thrown [s\src\hotspot\share\interpreter\linkResolver.cpp, line 804]
Event: 12846.941 Thread 0x00000206980ba5d0 Exception <a 'java/lang/NoSuchMethodError'{0x00000000d736ce78}: 'java.lang.Object java.lang.invoke.Invokers$Holder.linkToCallSite(java.lang.Object, java.lang.Object, int, java.lang.Object, int, java.lang.Object, java.lang.Object, java.lang.Object, java.lang.Object)'> (0x00000000d736ce78) 
thrown [s\src\hotspot\share\interpreter\linkResolver.cpp, line 804]
Event: 12846.941 Thread 0x00000206980ba5d0 Exception <a 'java/lang/NoSuchMethodError'{0x00000000d7375c40}: 'java.lang.Object java.lang.invoke.Invokers$Holder.linkToCallSite(java.lang.Object, java.lang.Object, int, java.lang.Object, java.lang.Object)'> (0x00000000d7375c40) 
thrown [s\src\hotspot\share\interpreter\linkResolver.cpp, line 804]
Event: 12846.941 Thread 0x00000206980ba5d0 Exception <a 'java/lang/NoSuchMethodError'{0x00000000d737dfa8}: 'java.lang.Object java.lang.invoke.Invokers$Holder.linkToCallSite(java.lang.Object, java.lang.Object, int, java.lang.Object)'> (0x00000000d737dfa8) 
thrown [s\src\hotspot\share\interpreter\linkResolver.cpp, line 804]
Event: 12846.941 Thread 0x00000206980ba5d0 Exception <a 'java/lang/NoSuchMethodError'{0x00000000d73864d8}: 'java.lang.Object java.lang.invoke.Invokers$Holder.linkToCallSite(java.lang.Object, java.lang.Object, long, java.lang.Object)'> (0x00000000d73864d8) 
thrown [s\src\hotspot\share\interpreter\linkResolver.cpp, line 804]

VM Operations (20 events):
Event: 12815.812 Executing safepoint VM operation: ParallelCollectForAllocation (Allocation Failure) done
Event: 12846.128 Executing non-safepoint VM operation: HandshakeAllThreads (Deoptimize)
Event: 12846.128 Executing non-safepoint VM operation: HandshakeAllThreads (Deoptimize) done
Event: 12846.770 Executing non-safepoint VM operation: HandshakeAllThreads (Deoptimize)
Event: 12846.770 Executing non-safepoint VM operation: HandshakeAllThreads (Deoptimize) done
Event: 12846.840 Executing non-safepoint VM operation: HandshakeAllThreads (Deoptimize)
Event: 12846.841 Executing non-safepoint VM operation: HandshakeAllThreads (Deoptimize) done
Event: 12846.844 Executing non-safepoint VM operation: HandshakeAllThreads (Deoptimize)
Event: 12846.844 Executing non-safepoint VM operation: HandshakeAllThreads (Deoptimize) done
Event: 12846.846 Executing non-safepoint VM operation: HandshakeAllThreads (Deoptimize)
Event: 12846.846 Executing non-safepoint VM operation: HandshakeAllThreads (Deoptimize) done
Event: 12846.849 Executing non-safepoint VM operation: HandshakeAllThreads (Deoptimize)
Event: 12846.849 Executing non-safepoint VM operation: HandshakeAllThreads (Deoptimize) done
Event: 12846.856 Executing non-safepoint VM operation: HandshakeAllThreads (Deoptimize)
Event: 12846.856 Executing non-safepoint VM operation: HandshakeAllThreads (Deoptimize) done
Event: 12846.884 Executing safepoint VM operation: ParallelCollectForAllocation (Allocation Failure)
Event: 12846.886 Executing safepoint VM operation: ParallelCollectForAllocation (Allocation Failure) done
Event: 12846.941 Executing safepoint VM operation: ParallelCollectForAllocation (Allocation Failure)
Event: 12846.943 Executing safepoint VM operation: ParallelCollectForAllocation (Allocation Failure) done
Event: 12846.949 Executing safepoint VM operation: PopulateDumpSharedSpace

Memory protections (0 events):
No events

Nmethod flushes (20 events):
Event: 12815.370 Thread 0x0000020698165290 flushing  nmethod 0x00000206a1ab8188
Event: 12815.370 Thread 0x0000020698165290 flushing  nmethod 0x00000206a1ab8608
Event: 12815.370 Thread 0x0000020698165290 flushing  nmethod 0x00000206a1ac2b88
Event: 12815.370 Thread 0x0000020698165290 flushing  nmethod 0x00000206a1ac3408
Event: 12815.370 Thread 0x0000020698165290 flushing  nmethod 0x00000206a1ac3f88
Event: 12815.370 Thread 0x0000020698165290 flushing  nmethod 0x00000206a1ac4788
Event: 12815.370 Thread 0x0000020698165290 flushing  nmethod 0x00000206a1ac5588
Event: 12815.370 Thread 0x0000020698165290 flushing  nmethod 0x00000206a1ac5b88
Event: 12815.370 Thread 0x0000020698165290 flushing  nmethod 0x00000206a1acfa08
Event: 12815.370 Thread 0x0000020698165290 flushing osr nmethod 0x00000206a1ad0a08
Event: 12815.370 Thread 0x0000020698165290 flushing osr nmethod 0x00000206a1ad2188
Event: 12815.370 Thread 0x0000020698165290 flushing  nmethod 0x00000206a1ad2b08
Event: 12815.370 Thread 0x0000020698165290 flushing  nmethod 0x00000206a1ad7688
Event: 12815.370 Thread 0x0000020698165290 flushing  nmethod 0x00000206a1ad9588
Event: 12815.370 Thread 0x0000020698165290 flushing  nmethod 0x00000206a1ae2708
Event: 12815.370 Thread 0x0000020698165290 flushing  nmethod 0x00000206a1b06108
Event: 12815.370 Thread 0x0000020698165290 flushing  nmethod 0x00000206a1b08a08
Event: 12815.370 Thread 0x0000020698165290 flushing osr nmethod 0x00000206a1b1cc88
Event: 12815.370 Thread 0x0000020698165290 flushing  nmethod 0x00000206a2169e08
Event: 12815.370 Thread 0x0000020698165290 flushing  nmethod 0x00000206a2f82a88

Events (20 events):
Event: 12846.072 Thread 0x00000206be978660 Thread added: 0x00000206bbd357b0
Event: 12846.079 Thread 0x00000206bbd357b0 Thread exited: 0x00000206bbd357b0
Event: 12846.101 Thread 0x00000206980cedc0 Thread added: 0x00000206bb7770c0
Event: 12846.101 Thread 0x00000206980ba5d0 Thread added: 0x00000206bbd32100
Event: 12846.730 Thread 0x00000206ba84c080 Thread exited: 0x00000206ba84c080
Event: 12846.730 Thread 0x00000206bb7770c0 Thread exited: 0x00000206bb7770c0
Event: 12846.815 Thread 0x00000206b9c07520 Thread exited: 0x00000206b9c07520
Event: 12846.816 Thread 0x00000206b9e6b690 Thread exited: 0x00000206b9e6b690
Event: 12846.816 Thread 0x00000206980cedc0 Thread added: 0x00000206bb7788f0
Event: 12846.816 Thread 0x00000206bbd3f3f0 Thread exited: 0x00000206bbd3f3f0
Event: 12846.817 Thread 0x00000206be978660 Thread exited: 0x00000206be978660
Event: 12846.822 Thread 0x00000206b996ba30 Thread exited: 0x00000206b996ba30
Event: 12846.822 Thread 0x00000206b996aa90 Thread exited: 0x00000206b996aa90
Event: 12846.823 Thread 0x00000206b9e6aec0 Thread exited: 0x00000206b9e6aec0
Event: 12846.823 Thread 0x00000206b9968380 Thread exited: 0x00000206b9968380
Event: 12846.823 Thread 0x00000206b9e68f80 Thread exited: 0x00000206b9e68f80
Event: 12846.828 Thread 0x00000206bbd32100 Thread exited: 0x00000206bbd32100
Event: 12846.828 Thread 0x00000206980ba5d0 Thread added: 0x00000206b9c07520
Event: 12846.829 Thread 0x00000206b9c07520 Thread exited: 0x00000206b9c07520
Event: 12846.829 Thread 0x00000206980ba5d0 Before exit entered


Dynamic libraries:
0x00007ff64af30000 - 0x00007ff64af3e000 	C:\Users\nlozanoc\.jdk\jdk-25\bin\java.exe
0x00007ffe62660000 - 0x00007ffe628c7000 	C:\WINDOWS\SYSTEM32\ntdll.dll
0x00007ffe60960000 - 0x00007ffe60a29000 	C:\WINDOWS\System32\KERNEL32.DLL
0x00007ffe5fb50000 - 0x00007ffe5ff41000 	C:\WINDOWS\System32\KERNELBASE.dll
0x00007ffe602b0000 - 0x00007ffe603fb000 	C:\WINDOWS\System32\ucrtbase.dll
0x00007ffe418a0000 - 0x00007ffe418be000 	C:\Users\nlozanoc\.jdk\jdk-25\bin\VCRUNTIME140.dll
0x00007ffe4fb50000 - 0x00007ffe4fb66000 	C:\Users\nlozanoc\.jdk\jdk-25\bin\jli.dll
0x00007ffe61680000 - 0x00007ffe61845000 	C:\WINDOWS\System32\USER32.dll
0x00007ffe5efd0000 - 0x00007ffe5eff7000 	C:\WINDOWS\System32\win32u.dll
0x00007ffe3e7e0000 - 0x00007ffe3ea73000 	C:\WINDOWS\WinSxS\amd64_microsoft.windows.common-controls_6595b64144ccf1df_6.0.26100.8037_none_3e092faae333b53b\COMCTL32.dll
0x00007ffe62100000 - 0x00007ffe6212b000 	C:\WINDOWS\System32\GDI32.dll
0x00007ffe60ae0000 - 0x00007ffe60b89000 	C:\WINDOWS\System32\msvcrt.dll
0x00007ffe60180000 - 0x00007ffe602ab000 	C:\WINDOWS\System32\gdi32full.dll
0x00007ffe5faa0000 - 0x00007ffe5fb43000 	C:\WINDOWS\System32\msvcp_win.dll
0x00007ffe60e30000 - 0x00007ffe60e61000 	C:\WINDOWS\System32\IMM32.DLL
0x00000206967a0000 - 0x00000206967b6000 	C:\WINDOWS\System32\umppc20505.dll
0x00007ffe59bc0000 - 0x00007ffe59bcc000 	C:\Users\nlozanoc\.jdk\jdk-25\bin\vcruntime140_1.dll
0x00007ffe33c50000 - 0x00007ffe33cdd000 	C:\Users\nlozanoc\.jdk\jdk-25\bin\msvcp140.dll
0x00007ffdc1ee0000 - 0x00007ffdc2e06000 	C:\Users\nlozanoc\.jdk\jdk-25\bin\server\jvm.dll
0x00007ffe615c0000 - 0x00007ffe6167b000 	C:\WINDOWS\System32\ADVAPI32.dll
0x00007ffe60a30000 - 0x00007ffe60ad7000 	C:\WINDOWS\System32\sechost.dll
0x00007ffe60bb0000 - 0x00007ffe60cc8000 	C:\WINDOWS\System32\RPCRT4.dll
0x00007ffe60790000 - 0x00007ffe60804000 	C:\WINDOWS\System32\WS2_32.dll
0x00007ffe5eda0000 - 0x00007ffe5edfe000 	C:\WINDOWS\SYSTEM32\POWRPROF.dll
0x00007ffe59bf0000 - 0x00007ffe59c25000 	C:\WINDOWS\SYSTEM32\WINMM.dll
0x00007ffe4fd60000 - 0x00007ffe4fd6b000 	C:\WINDOWS\SYSTEM32\VERSION.dll
0x00007ffe5ed80000 - 0x00007ffe5ed94000 	C:\WINDOWS\SYSTEM32\UMPDC.dll
0x00007ffe5db60000 - 0x00007ffe5db7b000 	C:\WINDOWS\SYSTEM32\kernel.appcore.dll
0x00007ffe59a80000 - 0x00007ffe59a8a000 	C:\Users\nlozanoc\.jdk\jdk-25\bin\jimage.dll
0x00007ffe5cb80000 - 0x00007ffe5cdc2000 	C:\WINDOWS\SYSTEM32\DBGHELP.DLL
0x00007ffe60400000 - 0x00007ffe60782000 	C:\WINDOWS\System32\combase.dll
0x00007ffe60e70000 - 0x00007ffe60f47000 	C:\WINDOWS\System32\OLEAUT32.dll
0x00007ffe36370000 - 0x00007ffe363ab000 	C:\WINDOWS\SYSTEM32\dbgcore.DLL
0x00007ffe5f9f0000 - 0x00007ffe5fa95000 	C:\WINDOWS\System32\bcryptPrimitives.dll
0x00007ffe58fe0000 - 0x00007ffe58fef000 	C:\Users\nlozanoc\.jdk\jdk-25\bin\instrument.dll
0x00007ffe40740000 - 0x00007ffe4075e000 	C:\Users\nlozanoc\.jdk\jdk-25\bin\java.dll
0x00007ffe61120000 - 0x00007ffe612b5000 	C:\WINDOWS\System32\ole32.dll
0x00007ffe61990000 - 0x00007ffe620ef000 	C:\WINDOWS\System32\SHELL32.dll
0x00007ffe5ff50000 - 0x00007ffe600ba000 	C:\WINDOWS\System32\wintypes.dll
0x00007ffe406d0000 - 0x00007ffe406e7000 	C:\Users\nlozanoc\.jdk\jdk-25\bin\zip.dll
0x00007ffe5f000000 - 0x00007ffe5f864000 	C:\WINDOWS\System32\windows.storage.dll
0x00007ffe60860000 - 0x00007ffe60957000 	C:\WINDOWS\System32\SHCORE.dll
0x00007ffe61880000 - 0x00007ffe618e7000 	C:\WINDOWS\System32\shlwapi.dll
0x00007ffe5ee60000 - 0x00007ffe5ee89000 	C:\WINDOWS\SYSTEM32\profapi.dll
0x00007ffe40430000 - 0x00007ffe40441000 	C:\Users\nlozanoc\.jdk\jdk-25\bin\net.dll
0x00007ffe5e1e0000 - 0x00007ffe5e24b000 	C:\WINDOWS\system32\mswsock.dll
0x00007ffe40390000 - 0x00007ffe403a6000 	C:\Users\nlozanoc\.jdk\jdk-25\bin\nio.dll
0x00007ffe50ce0000 - 0x00007ffe50cf0000 	C:\Users\nlozanoc\.jdk\jdk-25\bin\verify.dll
0x00007ffe3d270000 - 0x00007ffe3d2b5000 	C:\Users\nlozanoc\AppData\Roaming\Code\User\globalStorage\redhat.java\1.54.2026040108\config_win\org.eclipse.equinox.launcher\org.eclipse.equinox.launcher.win32.win32.x86_64_1.3.0.v20260203-2149\eclipse_11919.dll
0x00007ffe5e5e0000 - 0x00007ffe5e5fb000 	C:\WINDOWS\SYSTEM32\CRYPTSP.dll
0x00007ffe5dac0000 - 0x00007ffe5daf9000 	C:\WINDOWS\system32\rsaenh.dll
0x00007ffe5e290000 - 0x00007ffe5e2c2000 	C:\WINDOWS\SYSTEM32\USERENV.dll
0x00007ffe5ee30000 - 0x00007ffe5ee5a000 	C:\WINDOWS\SYSTEM32\bcrypt.dll
0x00007ffe5e5c0000 - 0x00007ffe5e5cc000 	C:\WINDOWS\SYSTEM32\CRYPTBASE.dll
0x00007ffe5d330000 - 0x00007ffe5d363000 	C:\WINDOWS\SYSTEM32\IPHLPAPI.DLL
0x00007ffe612c0000 - 0x00007ffe612ca000 	C:\WINDOWS\System32\NSI.dll
0x00007ffe33c00000 - 0x00007ffe33c49000 	C:\Users\nlozanoc\AppData\Local\Temp\jna--1204737430\jna16609231142630239338.dll
0x00007ffe61980000 - 0x00007ffe61988000 	C:\WINDOWS\System32\PSAPI.DLL
0x00007ffe5db80000 - 0x00007ffe5dca7000 	C:\WINDOWS\SYSTEM32\winhttp.dll
0x00007ffe50680000 - 0x00007ffe5069d000 	C:\WINDOWS\SYSTEM32\dhcpcsvc6.DLL
0x00007ffe50650000 - 0x00007ffe50673000 	C:\WINDOWS\SYSTEM32\dhcpcsvc.DLL
0x00007ffe50be0000 - 0x00007ffe50bee000 	C:\Users\nlozanoc\.jdk\jdk-25\bin\sunmscapi.dll
0x00007ffe5f870000 - 0x00007ffe5f9e7000 	C:\WINDOWS\System32\CRYPT32.dll
0x00007ffe5e740000 - 0x00007ffe5e770000 	C:\WINDOWS\SYSTEM32\ncrypt.dll
0x00007ffe5e6f0000 - 0x00007ffe5e72f000 	C:\WINDOWS\SYSTEM32\NTASN1.dll
0x00007ffe5d370000 - 0x00007ffe5d49a000 	C:\WINDOWS\SYSTEM32\DNSAPI.dll
0x00007ffe4fd70000 - 0x00007ffe4fd7b000 	C:\Windows\System32\rasadhlp.dll
0x00007ffe51230000 - 0x00007ffe512b6000 	C:\WINDOWS\System32\fwpuclnt.dll
0x00007ffe50b90000 - 0x00007ffe50b99000 	C:\Users\nlozanoc\.jdk\jdk-25\bin\extnet.dll
0x00007ffe2d7c0000 - 0x00007ffe2d7c8000 	C:\WINDOWS\system32\wshunix.dll

JVMTI agents:
c:\Users\nlozanoc\.vscode\extensions\redhat.java-1.54.2026040108-win32-x64\lombok\lombok-1.18.39-4050.jar path:C:\Users\nlozanoc\.jdk\jdk-25\bin\instrument.dll, loaded, initialized, instrumentlib options:none

dbghelp: loaded successfully - version: 4.0.5 - missing functions: none
symbol engine: initialized successfully - sym options: 0x614 - pdb path: .;C:\Users\nlozanoc\.jdk\jdk-25\bin;C:\WINDOWS\SYSTEM32;C:\WINDOWS\WinSxS\amd64_microsoft.windows.common-controls_6595b64144ccf1df_6.0.26100.8037_none_3e092faae333b53b;C:\Users\nlozanoc\.jdk\jdk-25\bin\server;C:\Users\nlozanoc\AppData\Roaming\Code\User\globalStorage\redhat.java\1.54.2026040108\config_win\org.eclipse.equinox.launcher\org.eclipse.equinox.launcher.win32.win32.x86_64_1.3.0.v20260203-2149;C:\Users\nlozanoc\AppData\Local\Temp\jna--1204737430

VM Arguments:
jvm_args: -Djdk.xml.maxGeneralEntitySizeLimit=0 -Djdk.xml.totalEntitySizeLimit=0 --add-modules=ALL-SYSTEM --add-opens=java.base/java.util=ALL-UNNAMED --add-opens=java.base/java.lang=ALL-UNNAMED --add-opens=java.base/sun.nio.fs=ALL-UNNAMED -Declipse.application=org.eclipse.jdt.ls.core.id1 -Dosgi.bundles.defaultStartLevel=4 -Declipse.product=org.eclipse.jdt.ls.core.product -Djava.import.generatesMetadataFilesAtProjectRoot=false -DDetectVMInstallationsJob.disabled=true -Dfile.encoding=utf8 -XX:+UseParallelGC -XX:GCTimeRatio=4 -XX:AdaptiveSizePolicyWeight=90 -Dsun.zip.disableMemoryMapping=true -Xmx2G -Xms100m -Xlog:disable -javaagent:c:\Users\nlozanoc\.vscode\extensions\redhat.java-1.54.2026040108-win32-x64\lombok\lombok-1.18.39-4050.jar -XX:+HeapDumpOnOutOfMemoryError -XX:HeapDumpPath=c:\Users\nlozanoc\AppData\Roaming\Code\User\workspaceStorage\2f0d0390850186f80b0ad7f9a83d155f\redhat.java -Daether.dependencyCollector.impl=bf -XX:+UnlockDiagnosticVMOptions -XX:+AllowArchivingWithJavaAgent -XX:+AutoCreateSharedArchive -XX:SharedArchiveFile=c:\Users\nlozanoc\AppData\Roaming\Code\User\globalStorage\redhat.java\1.54.2026040108\jdtls.jsa 
java_command: c:\Users\nlozanoc\.vscode\extensions\redhat.java-1.54.2026040108-win32-x64\server\plugins\org.eclipse.equinox.launcher_1.7.100.v20251111-0406.jar -configuration c:\Users\nlozanoc\AppData\Roaming\Code\User\globalStorage\redhat.java\1.54.2026040108\config_win -data c:\Users\nlozanoc\AppData\Roaming\Code\User\workspaceStorage\2f0d0390850186f80b0ad7f9a83d155f\redhat.java\jdt_ws --pipe=\\.\pipe\lsp-6329748e70b6ebb0005468998e014ba1-sock
java_class_path (initial): c:\Users\nlozanoc\.vscode\extensions\redhat.java-1.54.2026040108-win32-x64\server\plugins\org.eclipse.equinox.launcher_1.7.100.v20251111-0406.jar
Launcher Type: SUN_STANDARD

[Global flags]
     bool AOTInvokeDynamicLinking                  = false                                  {diagnostic} {ergonomic}
     bool AOTRecordTraining                        = false                                  {diagnostic} {ergonomic}
     bool AOTReplayTraining                        = false                                  {diagnostic} {ergonomic}
     uint AdaptiveSizePolicyWeight                 = 90                                        {product} {command line}
     bool AllowArchivingWithJavaAgent              = true                                   {diagnostic} {command line}
     bool AutoCreateSharedArchive                  = true                                      {product} {command line}
     intx CICompilerCount                          = 4                                         {product} {ergonomic}
     uint GCTimeRatio                              = 4                                         {product} {command line}
     bool HeapDumpOnOutOfMemoryError               = true                                   {manageable} {command line}
    ccstr HeapDumpPath                             = c:\Users\nlozanoc\AppData\Roaming\Code\User\workspaceStorage\2f0d0390850186f80b0ad7f9a83d155f\redhat.java         {manageable} {command line}
   size_t InitialHeapSize                          = 104857600                                 {product} {command line}
     bool IntelJccErratumMitigation                = false                             {ARCH diagnostic} {ergonomic}
   size_t MaxHeapSize                              = 2147483648                                {product} {command line}
   size_t MaxNewSize                               = 715653120                                 {product} {ergonomic}
   size_t MinHeapDeltaBytes                        = 524288                                    {product} {ergonomic}
   size_t MinHeapSize                              = 104857600                                 {product} {command line}
   size_t NewSize                                  = 34603008                                  {product} {ergonomic}
    uintx NonNMethodCodeHeapSize                   = 5832704                                {pd product} {ergonomic}
    uintx NonProfiledCodeHeapSize                  = 122945536                              {pd product} {ergonomic}
    uintx ProfiledCodeHeapSize                     = 122880000                              {pd product} {ergonomic}
    uintx ReservedCodeCacheSize                    = 251658240                              {pd product} {ergonomic}
     bool SegmentedCodeCache                       = true                                      {product} {ergonomic}
    ccstr SharedArchiveFile                        = c:\Users\nlozanoc\AppData\Roaming\Code\User\globalStorage\redhat.java\1.54.2026040108\jdtls.jsa            {product} {command line}
   size_t SoftMaxHeapSize                          = 2147483648                             {manageable} {ergonomic}
     bool UnlockDiagnosticVMOptions                = true                                   {diagnostic} {command line}
     bool UseCompressedOops                        = true                           {product lp64_product} {ergonomic}
     bool UseLargePagesIndividualAllocation        = false                                  {pd product} {ergonomic}
     bool UseParallelGC                            = true                                      {product} {command line}
      int X86ICacheSync                            = 3                                 {ARCH diagnostic} {ergonomic}

Logging:
Log output configuration:
 #0: stdout all=off uptime,level,tags foldmultilines=false
 #1: stderr all=off uptime,level,tags foldmultilines=false

Release file:
IMPLEMENTOR="Eclipse Adoptium" 
IMPLEMENTOR_VERSION="Temurin-25.0.2+10" 
JAVA_RUNTIME_VERSION="25.0.2+10-LTS" 
JAVA_VERSION="25.0.2" 
JAVA_VERSION_DATE="2026-01-20" 
LIBC="default" 
MODULES="java.base java.compiler java.datatransfer java.xml java.prefs java.desktop java.instrument java.logging java.management java.security.sasl java.naming java.rmi java.management.rmi java.net.http java.scripting java.security.jgss java.transaction.xa java.sql java.sql.rowset java.xml.crypto java.se java.smartcardio jdk.accessibility jdk.internal.jvmstat jdk.attach jdk.charsets jdk.internal.opt jdk.zipfs jdk.compiler jdk.crypto.cryptoki jdk.crypto.ec jdk.crypto.mscapi jdk.dynalink jdk.internal.ed jdk.editpad jdk.internal.vm.ci jdk.graal.compiler jdk.graal.compiler.management jdk.hotspot.agent jdk.httpserver jdk.incubator.vector jdk.internal.le jdk.internal.md jdk.jartool jdk.javadoc jdk.jcmd jdk.management jdk.management.agent jdk.jconsole jdk.jdeps jdk.jdwp.agent jdk.jdi jdk.jfr jdk.jlink jdk.jpackage jdk.jshell jdk.jsobject jdk.jstatd jdk.localedata jdk.management.jfr jdk.naming.dns jdk.naming.rmi jdk.net jdk.nio.mapmode jdk.sctp jdk.security.auth jdk.security.jgss jdk.unsupported jdk.unsupported.desktop jdk.xml.dom" 
OS_ARCH="x86_64" 
OS_NAME="Windows" 
SOURCE=".:git:9e3c947043a4" 
BUILD_SOURCE="git:458965074606f027bd5afce2cfd5c1055dea0438"
BUILD_SOURCE_REPO="https://github.com/adoptium/temurin-build.git"
SOURCE_REPO="https://github.com/adoptium/jdk25u.git"
FULL_VERSION="25.0.2+10-LTS"
SEMANTIC_VERSION="25.0.2+10"
BUILD_INFO="OS: Windows Server 2022 Version: 10.0"
JVM_VARIANT="Hotspot"
JVM_VERSION="25.0.2+10-LTS"
IMAGE_TYPE="JDK"

Environment Variables:
JAVA_HOME=C:\Program Files\Common Files\java\jdk-11
PATH=C:\Users\nlozanoc\AppData\Local\Programs\Microsoft VS Code;C:\Program Files\Common Files\java\jdk-11\bin;C:\Program Files\apache-maven-3.9.9-bin\bin;C:\WINDOWS\system32;C:\WINDOWS;C:\WINDOWS\System32\Wbem;C:\WINDOWS\System32\WindowsPowerShell\v1.0\;C:\WINDOWS\System32\OpenSSH\;C:\ProgramData\chocolatey\bin;C:\Program Files\Docker\Docker\resources\bin;C:\Users\EMEAL-IT\AppData\Local\nvm;C:\nvm4w\nodejs;C:\Program Files\nodejs\;C:\Program Files\Git\cmd;C:\Program Files\dotnet\;C:\Users\nlozanoc\AppData\Local\Microsoft\WindowsApps;C:\Users\nlozanoc\AppData\Local\Programs\Microsoft VS Code\bin;C:\Users\nlozanoc\AppData\Local\Programs\Git\cmd;C:\Users\nlozanoc\AppData\Roaming\npm
USERNAME=nlozanoc
OS=Windows_NT
PROCESSOR_IDENTIFIER=Intel64 Family 6 Model 170 Stepping 4, GenuineIntel
TMP=C:\Users\nlozanoc\AppData\Local\Temp
TEMP=C:\Users\nlozanoc\AppData\Local\Temp




Compilation memory statistics disabled.

Periodic native trim disabled

---------------  S Y S T E M  ---------------

OS:
 Windows 11 , 64 bit Build 26100 (10.0.26100.7920)
OS uptime: 6 days 4:31 hours
Hyper-V role detected

CPU: total 14 (initial active 14) (7 cores per cpu, 2 threads per core) family 6 model 170 stepping 4 microcode 0x28, cx8, cmov, fxsr, ht, mmx, 3dnowpref, sse, sse2, sse3, ssse3, sse4.1, sse4.2, popcnt, lzcnt, tsc, tscinvbit, avx, avx2, aes, erms, clmul, bmi1, bmi2, adx, sha, fma, vzeroupper, clflush, clflushopt, clwb, hv, serialize, rdtscp, rdpid, fsrm, gfni, f16c, cet_ibt, cet_ss
Processor Information for processor 0
  Max Mhz: 1700, Current Mhz: 1700, Mhz Limit: 1700
Processor Information for processor 1
  Max Mhz: 1700, Current Mhz: 1700, Mhz Limit: 1700
Processor Information for processor 2
  Max Mhz: 1200, Current Mhz: 1200, Mhz Limit: 1200
Processor Information for processor 3
  Max Mhz: 1200, Current Mhz: 1200, Mhz Limit: 1200
Processor Information for processor 4
  Max Mhz: 1200, Current Mhz: 1200, Mhz Limit: 1200
Processor Information for processor 5
  Max Mhz: 1200, Current Mhz: 1200, Mhz Limit: 1200
Processor Information for processor 6
  Max Mhz: 1200, Current Mhz: 1200, Mhz Limit: 1200
Processor Information for processor 7
  Max Mhz: 1200, Current Mhz: 1200, Mhz Limit: 1200
Processor Information for processor 8
  Max Mhz: 1200, Current Mhz: 1200, Mhz Limit: 1200
Processor Information for processor 9
  Max Mhz: 1200, Current Mhz: 1200, Mhz Limit: 1200
Processor Information for processor 10
  Max Mhz: 1700, Current Mhz: 1700, Mhz Limit: 1700
Processor Information for processor 11
  Max Mhz: 1700, Current Mhz: 1700, Mhz Limit: 1700
Processor Information for processor 12
  Max Mhz: 700, Current Mhz: 700, Mhz Limit: 700
Processor Information for processor 13
  Max Mhz: 700, Current Mhz: 700, Mhz Limit: 700

Memory: 4k page, system-wide physical 64980M (40390M free)
TotalPageFile size 69076M (AvailPageFile size 43353M)
current process WorkingSet (physical memory assigned to process): 1018M, peak: 1018M
current process commit charge ("private bytes"): 933M, peak: 933M

vm_info: OpenJDK 64-Bit Server VM (25.0.2+10-LTS) for windows-amd64 JRE (25.0.2+10-LTS), built on 2026-01-20T00:00:00Z with MS VC++ 17.12 (VS2022)

END.
